── Attaching core tidyverse packages ──────────────────────── tidyverse 2.0.0 ──
✔ dplyr     1.1.4     ✔ readr     2.1.4
✔ forcats   1.0.0     ✔ stringr   1.5.1
✔ ggplot2   3.5.1     ✔ tibble    3.2.1
✔ lubridate 1.9.3     ✔ tidyr     1.3.1
✔ purrr     1.0.2     
── Conflicts ────────────────────────────────────────── tidyverse_conflicts() ──
✖ purrr::%||%()   masks base::%||%()
✖ dplyr::filter() masks stats::filter()
✖ dplyr::lag()    masks stats::lag()
ℹ Use the conflicted package (<http://conflicted.r-lib.org/>) to force all conflicts to become errors

Attaching package: ‘RNifti’

The following object is masked from ‘package:tibble’:

    view


Attaching package: ‘proxy’

The following objects are masked from ‘package:stats’:

    as.dist, dist

The following object is masked from ‘package:base’:

    as.matrix

[1] "Created /data00/leonardo/RSA/analyses/rsa/rsa_results/N14_test_mask_EER"
Rows: 1456 Columns: 3
── Column specification ────────────────────────────────────────────────────────
Delimiter: ","
chr (2): sub, path
dbl (1): cope

ℹ Use `spec()` to retrieve the full column specification for this data.
ℹ Specify the column types or set `show_col_types = FALSE` to quiet this message.
Rows: 1456 Columns: 13
── Column specification ────────────────────────────────────────────────────────
Delimiter: ","
chr (6): sub, video, original_code, high_low_code, actor, emotion
dbl (7): r_happy, r_disgust, r_sad, r_fear, r_anger, r_pain, movie_cope_number

ℹ Use `spec()` to retrieve the full column specification for this data.
ℹ Specify the column types or set `show_col_types = FALSE` to quiet this message.
# A tibble: 21,560 × 2
   sub   value
   <chr> <dbl>
 1 02     2.83
 2 02    10.8 
 3 02     9.64
 4 02    10.8 
 5 02     9.91
 6 02    11.1 
 7 02     9.64
 8 02     8.25
 9 02     8.31
10 02     9.43
# ℹ 21,550 more rows
6.125 sec elapsed
New names:
• `` -> `...1`
• `` -> `...2`
• `` -> `...3`
• `` -> `...4`
• `` -> `...5`
• `` -> `...6`
• `` -> `...7`
• `` -> `...8`
• `` -> `...9`
• `` -> `...10`
# A tibble: 1,540 × 10
   `304150` `304151` `304152` `304153` `304154` `314067` `314068` `314069`
      <dbl>    <dbl>    <dbl>    <dbl>    <dbl>    <dbl>    <dbl>    <dbl>
 1     188.     269.     478.     509.     372.    419.      251.     254.
 2     104.     143.     196.     193.     144.    267.      178.     188.
 3     218.     271.     305.     239.     136.     63.7     205.     314.
 4     145.     234.     466.     540.     414.    210.      191.     190.
 5    1261.    1223.    1089.     600.     210.    614.     1115.    1589.
 6     432.     399.     330.     224.     123.    459.      414.     516.
 7     652.     626.     536.     382.     220.    133.      486.     705.
 8     182.     289.     359.     301.     163.    128.      234.     301.
 9     518.     387.     379.     398.     338.    830.      879.     886.
10     132.     119.     184.     203.     124.    244.      125.     209.
# ℹ 1,530 more rows
# ℹ 2 more variables: `314070` <dbl>, `314071` <dbl>
Calculating RDMs Searchlight for sub 02
Calculating RDMs Searchlight for sub 03
New names:
• `` -> `...1`
• `` -> `...2`
• `` -> `...3`
• `` -> `...4`
• `` -> `...5`
• `` -> `...6`
• `` -> `...7`
• `` -> `...8`
• `` -> `...9`
• `` -> `...10`
• `` -> `...11`
• `` -> `...12`
• `` -> `...13`
• `` -> `...14`
• `` -> `...15`
• `` -> `...16`
• `` -> `...17`
• `` -> `...18`
• `` -> `...19`
• `` -> `...20`
• `` -> `...21`
• `` -> `...22`
• `` -> `...23`
• `` -> `...24`
• `` -> `...25`
• `` -> `...26`
• `` -> `...27`
• `` -> `...28`
• `` -> `...29`
• `` -> `...30`
• `` -> `...31`
• `` -> `...32`
• `` -> `...33`
• `` -> `...34`
• `` -> `...35`
• `` -> `...36`
• `` -> `...37`
• `` -> `...38`
• `` -> `...39`
• `` -> `...40`
• `` -> `...41`
• `` -> `...42`
• `` -> `...43`
• `` -> `...44`
• `` -> `...45`
• `` -> `...46`
• `` -> `...47`
• `` -> `...48`
• `` -> `...49`
• `` -> `...50`
• `` -> `...51`
• `` -> `...52`
• `` -> `...53`
• `` -> `...54`
• `` -> `...55`
• `` -> `...56`
• `` -> `...57`
• `` -> `...58`
• `` -> `...59`
• `` -> `...60`
• `` -> `...61`
• `` -> `...62`
• `` -> `...63`
• `` -> `...64`
• `` -> `...65`
• `` -> `...66`
• `` -> `...67`
• `` -> `...68`
• `` -> `...69`
• `` -> `...70`
• `` -> `...71`
• `` -> `...72`
• `` -> `...73`
• `` -> `...74`
• `` -> `...75`
• `` -> `...76`
• `` -> `...77`
• `` -> `...78`
• `` -> `...79`
• `` -> `...80`
• `` -> `...81`
• `` -> `...82`
• `` -> `...83`
• `` -> `...84`
• `` -> `...85`
• `` -> `...86`
• `` -> `...87`
• `` -> `...88`
• `` -> `...89`
• `` -> `...90`
• `` -> `...91`
• `` -> `...92`
• `` -> `...93`
• `` -> `...94`
• `` -> `...95`
• `` -> `...96`
• `` -> `...97`
• `` -> `...98`
• `` -> `...99`
• `` -> `...100`
• `` -> `...101`
• `` -> `...102`
• `` -> `...103`
• `` -> `...104`
• `` -> `...105`
• `` -> `...106`
• `` -> `...107`
• `` -> `...108`
• `` -> `...109`
• `` -> `...110`
• `` -> `...111`
• `` -> `...112`
• `` -> `...113`
• `` -> `...114`
• `` -> `...115`
• `` -> `...116`
• `` -> `...117`
• `` -> `...118`
• `` -> `...119`
• `` -> `...120`
• `` -> `...121`
• `` -> `...122`
• `` -> `...123`
• `` -> `...124`
• `` -> `...125`
• `` -> `...126`
• `` -> `...127`
• `` -> `...128`New names:
• `` -> `...1`
• `` -> `...2`
• `` -> `...3`
• `` -> `...4`
• `` -> `...5`
• `` -> `...6`
• `` -> `...7`
• `` -> `...8`
• `` -> `...9`
• `` -> `...10`
• `` -> `...11`
• `` -> `...12`
• `` -> `...13`
• `` -> `...14`
• `` -> `...15`
• `` -> `...16`
• `` -> `...17`
• `` -> `...18`
• `` -> `...19`
• `` -> `...20`
• `` -> `...21`
• `` -> `...22`
• `` -> `...23`
• `` -> `...24`
• `` -> `...25`
• `` -> `...26`
• `` -> `...27`
• `` -> `...28`
• `` -> `...29`
• `` -> `...30`
• `` -> `...31`
• `` -> `...32`
• `` -> `...33`
• `` -> `...34`
• `` -> `...35`
• `` -> `...36`
• `` -> `...37`
• `` -> `...38`
• `` -> `...39`
• `` -> `...40`
• `` -> `...41`
• `` -> `...42`
• `` -> `...43`
• `` -> `...44`
• `` -> `...45`
• `` -> `...46`
• `` -> `...47`
• `` -> `...48`
• `` -> `...49`
• `` -> `...50`
• `` -> `...51`
• `` -> `...52`
• `` -> `...53`
• `` -> `...54`
• `` -> `...55`
• `` -> `...56`
• `` -> `...57`
• `` -> `...58`
• `` -> `...59`
• `` -> `...60`
• `` -> `...61`
• `` -> `...62`
• `` -> `...63`
• `` -> `...64`
• `` -> `...65`
• `` -> `...66`
• `` -> `...67`
• `` -> `...68`
• `` -> `...69`
• `` -> `...70`
• `` -> `...71`
• `` -> `...72`
• `` -> `...73`
• `` -> `...74`
• `` -> `...75`
• `` -> `...76`
• `` -> `...77`
• `` -> `...78`
• `` -> `...79`
• `` -> `...80`
• `` -> `...81`
• `` -> `...82`
• `` -> `...83`
• `` -> `...84`
• `` -> `...85`
• `` -> `...86`
• `` -> `...87`
• `` -> `...88`
• `` -> `...89`
• `` -> `...90`
• `` -> `...91`
• `` -> `...92`
• `` -> `...93`
• `` -> `...94`
• `` -> `...95`
• `` -> `...96`
• `` -> `...97`
• `` -> `...98`
• `` -> `...99`
• `` -> `...100`
• `` -> `...101`
• `` -> `...102`
• `` -> `...103`
• `` -> `...104`
• `` -> `...105`
• `` -> `...106`
• `` -> `...107`
• `` -> `...108`
• `` -> `...109`
• `` -> `...110`
• `` -> `...111`
• `` -> `...112`
• `` -> `...113`
• `` -> `...114`
• `` -> `...115`
• `` -> `...116`
• `` -> `...117`
• `` -> `...118`
• `` -> `...119`
• `` -> `...120`
• `` -> `...121`
• `` -> `...122`
• `` -> `...123`
• `` -> `...124`
• `` -> `...125`
• `` -> `...126`
• `` -> `...127`
• `` -> `...128`Calculating RDMs Searchlight for sub 12
New names:
• `` -> `...1`
• `` -> `...2`
• `` -> `...3`
• `` -> `...4`
• `` -> `...5`
• `` -> `...6`
• `` -> `...7`
• `` -> `...8`
• `` -> `...9`
• `` -> `...10`
• `` -> `...11`
• `` -> `...12`
• `` -> `...13`
• `` -> `...14`
• `` -> `...15`
• `` -> `...16`
• `` -> `...17`
• `` -> `...18`
• `` -> `...19`
• `` -> `...20`
• `` -> `...21`
• `` -> `...22`
• `` -> `...23`
• `` -> `...24`
• `` -> `...25`
• `` -> `...26`
• `` -> `...27`
• `` -> `...28`
• `` -> `...29`
• `` -> `...30`
• `` -> `...31`
• `` -> `...32`
• `` -> `...33`
• `` -> `...34`
• `` -> `...35`
• `` -> `...36`
• `` -> `...37`
• `` -> `...38`
• `` -> `...39`
• `` -> `...40`
• `` -> `...41`
• `` -> `...42`
• `` -> `...43`
• `` -> `...44`
• `` -> `...45`
• `` -> `...46`
• `` -> `...47`
• `` -> `...48`
• `` -> `...49`
• `` -> `...50`
• `` -> `...51`
• `` -> `...52`
• `` -> `...53`
• `` -> `...54`
• `` -> `...55`
• `` -> `...56`
• `` -> `...57`
• `` -> `...58`
• `` -> `...59`
• `` -> `...60`
• `` -> `...61`
• `` -> `...62`
• `` -> `...63`
• `` -> `...64`
• `` -> `...65`
• `` -> `...66`
• `` -> `...67`
• `` -> `...68`
• `` -> `...69`
• `` -> `...70`
• `` -> `...71`
• `` -> `...72`
• `` -> `...73`
• `` -> `...74`
• `` -> `...75`
• `` -> `...76`
• `` -> `...77`
• `` -> `...78`
• `` -> `...79`
• `` -> `...80`
• `` -> `...81`
• `` -> `...82`
• `` -> `...83`
• `` -> `...84`
• `` -> `...85`
• `` -> `...86`
• `` -> `...87`
• `` -> `...88`
• `` -> `...89`
• `` -> `...90`
• `` -> `...91`
• `` -> `...92`
• `` -> `...93`
• `` -> `...94`
• `` -> `...95`
• `` -> `...96`
• `` -> `...97`
• `` -> `...98`
• `` -> `...99`
• `` -> `...100`
• `` -> `...101`
• `` -> `...102`
• `` -> `...103`
• `` -> `...104`
• `` -> `...105`
• `` -> `...106`
• `` -> `...107`
• `` -> `...108`
• `` -> `...109`
• `` -> `...110`
• `` -> `...111`
• `` -> `...112`
• `` -> `...113`
• `` -> `...114`
• `` -> `...115`
• `` -> `...116`
• `` -> `...117`
• `` -> `...118`
• `` -> `...119`
• `` -> `...120`
• `` -> `...121`
• `` -> `...122`
• `` -> `...123`
• `` -> `...124`
• `` -> `...125`
• `` -> `...126`
• `` -> `...127`
• `` -> `...128`Calculating RDMs Searchlight for sub 11
New names:
• `` -> `...1`
• `` -> `...2`
• `` -> `...3`
• `` -> `...4`
• `` -> `...5`
• `` -> `...6`
• `` -> `...7`
• `` -> `...8`
• `` -> `...9`
• `` -> `...10`
• `` -> `...11`
• `` -> `...12`
• `` -> `...13`
• `` -> `...14`
• `` -> `...15`
• `` -> `...16`
• `` -> `...17`
• `` -> `...18`
• `` -> `...19`
• `` -> `...20`
• `` -> `...21`
• `` -> `...22`
• `` -> `...23`
• `` -> `...24`
• `` -> `...25`
• `` -> `...26`
• `` -> `...27`
• `` -> `...28`
• `` -> `...29`
• `` -> `...30`
• `` -> `...31`
• `` -> `...32`
• `` -> `...33`
• `` -> `...34`
• `` -> `...35`
• `` -> `...36`
• `` -> `...37`
• `` -> `...38`
• `` -> `...39`
• `` -> `...40`
• `` -> `...41`
• `` -> `...42`
• `` -> `...43`
• `` -> `...44`
• `` -> `...45`
• `` -> `...46`
• `` -> `...47`
• `` -> `...48`
• `` -> `...49`
• `` -> `...50`
• `` -> `...51`
• `` -> `...52`
• `` -> `...53`
• `` -> `...54`
• `` -> `...55`
• `` -> `...56`
• `` -> `...57`
• `` -> `...58`
• `` -> `...59`
• `` -> `...60`
• `` -> `...61`
• `` -> `...62`
• `` -> `...63`
• `` -> `...64`
• `` -> `...65`
• `` -> `...66`
• `` -> `...67`
• `` -> `...68`
• `` -> `...69`
• `` -> `...70`
• `` -> `...71`
• `` -> `...72`
• `` -> `...73`
• `` -> `...74`
• `` -> `...75`
• `` -> `...76`
• `` -> `...77`
• `` -> `...78`
• `` -> `...79`
• `` -> `...80`
• `` -> `...81`
• `` -> `...82`
• `` -> `...83`
• `` -> `...84`
• `` -> `...85`
• `` -> `...86`
• `` -> `...87`
• `` -> `...88`
• `` -> `...89`
• `` -> `...90`
• `` -> `...91`
• `` -> `...92`
• `` -> `...93`
• `` -> `...94`
• `` -> `...95`
• `` -> `...96`
• `` -> `...97`
• `` -> `...98`
• `` -> `...99`
• `` -> `...100`
• `` -> `...101`
• `` -> `...102`
• `` -> `...103`
• `` -> `...104`
• `` -> `...105`
• `` -> `...106`
• `` -> `...107`
• `` -> `...108`
• `` -> `...109`
• `` -> `...110`
• `` -> `...111`
• `` -> `...112`
• `` -> `...113`
• `` -> `...114`
• `` -> `...115`
• `` -> `...116`
• `` -> `...117`
• `` -> `...118`
• `` -> `...119`
• `` -> `...120`
• `` -> `...121`
• `` -> `...122`
• `` -> `...123`
• `` -> `...124`
• `` -> `...125`
• `` -> `...126`
• `` -> `...127`
• `` -> `...128`Calculating RDMs Searchlight for sub 22
Calculating RDMs Searchlight for sub 09
New names:
• `` -> `...1`
• `` -> `...2`
• `` -> `...3`
• `` -> `...4`
• `` -> `...5`
• `` -> `...6`
• `` -> `...7`
• `` -> `...8`
• `` -> `...9`
• `` -> `...10`
• `` -> `...11`
• `` -> `...12`
• `` -> `...13`
• `` -> `...14`
• `` -> `...15`
• `` -> `...16`
• `` -> `...17`
• `` -> `...18`
• `` -> `...19`
• `` -> `...20`
• `` -> `...21`
• `` -> `...22`
• `` -> `...23`
• `` -> `...24`
• `` -> `...25`
• `` -> `...26`
• `` -> `...27`
• `` -> `...28`
• `` -> `...29`
• `` -> `...30`
• `` -> `...31`
• `` -> `...32`
• `` -> `...33`
• `` -> `...34`
• `` -> `...35`
• `` -> `...36`
• `` -> `...37`
• `` -> `...38`
• `` -> `...39`
• `` -> `...40`
• `` -> `...41`
• `` -> `...42`
• `` -> `...43`
• `` -> `...44`
• `` -> `...45`
• `` -> `...46`
• `` -> `...47`
• `` -> `...48`
• `` -> `...49`
• `` -> `...50`
• `` -> `...51`
• `` -> `...52`
• `` -> `...53`
• `` -> `...54`
• `` -> `...55`
• `` -> `...56`
• `` -> `...57`
• `` -> `...58`
• `` -> `...59`
• `` -> `...60`
• `` -> `...61`
• `` -> `...62`
• `` -> `...63`
• `` -> `...64`
• `` -> `...65`
• `` -> `...66`
• `` -> `...67`
• `` -> `...68`
• `` -> `...69`
• `` -> `...70`
• `` -> `...71`
• `` -> `...72`
• `` -> `...73`
• `` -> `...74`
• `` -> `...75`
• `` -> `...76`
• `` -> `...77`
• `` -> `...78`
• `` -> `...79`
• `` -> `...80`
• `` -> `...81`
• `` -> `...82`
• `` -> `...83`
• `` -> `...84`
• `` -> `...85`
• `` -> `...86`
• `` -> `...87`
• `` -> `...88`
• `` -> `...89`
• `` -> `...90`
• `` -> `...91`
• `` -> `...92`
• `` -> `...93`
• `` -> `...94`
• `` -> `...95`
• `` -> `...96`
• `` -> `...97`
• `` -> `...98`
• `` -> `...99`
• `` -> `...100`
• `` -> `...101`
• `` -> `...102`
• `` -> `...103`
• `` -> `...104`
• `` -> `...105`
• `` -> `...106`
• `` -> `...107`
• `` -> `...108`
• `` -> `...109`
• `` -> `...110`
• `` -> `...111`
• `` -> `...112`
• `` -> `...113`
• `` -> `...114`
• `` -> `...115`
• `` -> `...116`
• `` -> `...117`
• `` -> `...118`
• `` -> `...119`
• `` -> `...120`
• `` -> `...121`
• `` -> `...122`
• `` -> `...123`
• `` -> `...124`
• `` -> `...125`
• `` -> `...126`
• `` -> `...127`
• `` -> `...128`New names:
• `` -> `...1`
• `` -> `...2`
• `` -> `...3`
• `` -> `...4`
• `` -> `...5`
• `` -> `...6`
• `` -> `...7`
• `` -> `...8`
• `` -> `...9`
• `` -> `...10`
• `` -> `...11`
• `` -> `...12`
• `` -> `...13`
• `` -> `...14`
• `` -> `...15`
• `` -> `...16`
• `` -> `...17`
• `` -> `...18`
• `` -> `...19`
• `` -> `...20`
• `` -> `...21`
• `` -> `...22`
• `` -> `...23`
• `` -> `...24`
• `` -> `...25`
• `` -> `...26`
• `` -> `...27`
• `` -> `...28`
• `` -> `...29`
• `` -> `...30`
• `` -> `...31`
• `` -> `...32`
• `` -> `...33`
• `` -> `...34`
• `` -> `...35`
• `` -> `...36`
• `` -> `...37`
• `` -> `...38`
• `` -> `...39`
• `` -> `...40`
• `` -> `...41`
• `` -> `...42`
• `` -> `...43`
• `` -> `...44`
• `` -> `...45`
• `` -> `...46`
• `` -> `...47`
• `` -> `...48`
• `` -> `...49`
• `` -> `...50`
• `` -> `...51`
• `` -> `...52`
• `` -> `...53`
• `` -> `...54`
• `` -> `...55`
• `` -> `...56`
• `` -> `...57`
• `` -> `...58`
• `` -> `...59`
• `` -> `...60`
• `` -> `...61`
• `` -> `...62`
• `` -> `...63`
• `` -> `...64`
• `` -> `...65`
• `` -> `...66`
• `` -> `...67`
• `` -> `...68`
• `` -> `...69`
• `` -> `...70`
• `` -> `...71`
• `` -> `...72`
• `` -> `...73`
• `` -> `...74`
• `` -> `...75`
• `` -> `...76`
• `` -> `...77`
• `` -> `...78`
• `` -> `...79`
• `` -> `...80`
• `` -> `...81`
• `` -> `...82`
• `` -> `...83`
• `` -> `...84`
• `` -> `...85`
• `` -> `...86`
• `` -> `...87`
• `` -> `...88`
• `` -> `...89`
• `` -> `...90`
• `` -> `...91`
• `` -> `...92`
• `` -> `...93`
• `` -> `...94`
• `` -> `...95`
• `` -> `...96`
• `` -> `...97`
• `` -> `...98`
• `` -> `...99`
• `` -> `...100`
• `` -> `...101`
• `` -> `...102`
• `` -> `...103`
• `` -> `...104`
• `` -> `...105`
• `` -> `...106`
• `` -> `...107`
• `` -> `...108`
• `` -> `...109`
• `` -> `...110`
• `` -> `...111`
• `` -> `...112`
• `` -> `...113`
• `` -> `...114`
• `` -> `...115`
• `` -> `...116`
• `` -> `...117`
• `` -> `...118`
• `` -> `...119`
• `` -> `...120`
• `` -> `...121`
• `` -> `...122`
• `` -> `...123`
• `` -> `...124`
• `` -> `...125`
• `` -> `...126`
• `` -> `...127`
• `` -> `...128`Calculating RDMs Searchlight for sub 29
New names:
• `` -> `...1`
• `` -> `...2`
• `` -> `...3`
• `` -> `...4`
• `` -> `...5`
• `` -> `...6`
• `` -> `...7`
• `` -> `...8`
• `` -> `...9`
• `` -> `...10`
• `` -> `...11`
• `` -> `...12`
• `` -> `...13`
• `` -> `...14`
• `` -> `...15`
• `` -> `...16`
• `` -> `...17`
• `` -> `...18`
• `` -> `...19`
• `` -> `...20`
• `` -> `...21`
• `` -> `...22`
• `` -> `...23`
• `` -> `...24`
• `` -> `...25`
• `` -> `...26`
• `` -> `...27`
• `` -> `...28`
• `` -> `...29`
• `` -> `...30`
• `` -> `...31`
• `` -> `...32`
• `` -> `...33`
• `` -> `...34`
• `` -> `...35`
• `` -> `...36`
• `` -> `...37`
• `` -> `...38`
• `` -> `...39`
• `` -> `...40`
• `` -> `...41`
• `` -> `...42`
• `` -> `...43`
• `` -> `...44`
• `` -> `...45`
• `` -> `...46`
• `` -> `...47`
• `` -> `...48`
• `` -> `...49`
• `` -> `...50`
• `` -> `...51`
• `` -> `...52`
• `` -> `...53`
• `` -> `...54`
• `` -> `...55`
• `` -> `...56`
• `` -> `...57`
• `` -> `...58`
• `` -> `...59`
• `` -> `...60`
• `` -> `...61`
• `` -> `...62`
• `` -> `...63`
• `` -> `...64`
• `` -> `...65`
• `` -> `...66`
• `` -> `...67`
• `` -> `...68`
• `` -> `...69`
• `` -> `...70`
• `` -> `...71`
• `` -> `...72`
• `` -> `...73`
• `` -> `...74`
• `` -> `...75`
• `` -> `...76`
• `` -> `...77`
• `` -> `...78`
• `` -> `...79`
• `` -> `...80`
• `` -> `...81`
• `` -> `...82`
• `` -> `...83`
• `` -> `...84`
• `` -> `...85`
• `` -> `...86`
• `` -> `...87`
• `` -> `...88`
• `` -> `...89`
• `` -> `...90`
• `` -> `...91`
• `` -> `...92`
• `` -> `...93`
• `` -> `...94`
• `` -> `...95`
• `` -> `...96`
• `` -> `...97`
• `` -> `...98`
• `` -> `...99`
• `` -> `...100`
• `` -> `...101`
• `` -> `...102`
• `` -> `...103`
• `` -> `...104`
• `` -> `...105`
• `` -> `...106`
• `` -> `...107`
• `` -> `...108`
• `` -> `...109`
• `` -> `...110`
• `` -> `...111`
• `` -> `...112`
• `` -> `...113`
• `` -> `...114`
• `` -> `...115`
• `` -> `...116`
• `` -> `...117`
• `` -> `...118`
• `` -> `...119`
• `` -> `...120`
• `` -> `...121`
• `` -> `...122`
• `` -> `...123`
• `` -> `...124`
• `` -> `...125`
• `` -> `...126`
• `` -> `...127`
• `` -> `...128`Calculating RDMs Searchlight for sub 28
New names:
• `` -> `...1`
• `` -> `...2`
• `` -> `...3`
• `` -> `...4`
• `` -> `...5`
• `` -> `...6`
• `` -> `...7`
• `` -> `...8`
• `` -> `...9`
• `` -> `...10`
• `` -> `...11`
• `` -> `...12`
• `` -> `...13`
• `` -> `...14`
• `` -> `...15`
• `` -> `...16`
• `` -> `...17`
• `` -> `...18`
• `` -> `...19`
• `` -> `...20`
• `` -> `...21`
• `` -> `...22`
• `` -> `...23`
• `` -> `...24`
• `` -> `...25`
• `` -> `...26`
• `` -> `...27`
• `` -> `...28`
• `` -> `...29`
• `` -> `...30`
• `` -> `...31`
• `` -> `...32`
• `` -> `...33`
• `` -> `...34`
• `` -> `...35`
• `` -> `...36`
• `` -> `...37`
• `` -> `...38`
• `` -> `...39`
• `` -> `...40`
• `` -> `...41`
• `` -> `...42`
• `` -> `...43`
• `` -> `...44`
• `` -> `...45`
• `` -> `...46`
• `` -> `...47`
• `` -> `...48`
• `` -> `...49`
• `` -> `...50`
• `` -> `...51`
• `` -> `...52`
• `` -> `...53`
• `` -> `...54`
• `` -> `...55`
• `` -> `...56`
• `` -> `...57`
• `` -> `...58`
• `` -> `...59`
• `` -> `...60`
• `` -> `...61`
• `` -> `...62`
• `` -> `...63`
• `` -> `...64`
• `` -> `...65`
• `` -> `...66`
• `` -> `...67`
• `` -> `...68`
• `` -> `...69`
• `` -> `...70`
• `` -> `...71`
• `` -> `...72`
• `` -> `...73`
• `` -> `...74`
• `` -> `...75`
• `` -> `...76`
• `` -> `...77`
• `` -> `...78`
• `` -> `...79`
• `` -> `...80`
• `` -> `...81`
• `` -> `...82`
• `` -> `...83`
• `` -> `...84`
• `` -> `...85`
• `` -> `...86`
• `` -> `...87`
• `` -> `...88`
• `` -> `...89`
• `` -> `...90`
• `` -> `...91`
• `` -> `...92`
• `` -> `...93`
• `` -> `...94`
• `` -> `...95`
• `` -> `...96`
• `` -> `...97`
• `` -> `...98`
• `` -> `...99`
• `` -> `...100`
• `` -> `...101`
• `` -> `...102`
• `` -> `...103`
• `` -> `...104`
• `` -> `...105`
• `` -> `...106`
• `` -> `...107`
• `` -> `...108`
• `` -> `...109`
• `` -> `...110`
• `` -> `...111`
• `` -> `...112`
• `` -> `...113`
• `` -> `...114`
• `` -> `...115`
• `` -> `...116`
• `` -> `...117`
• `` -> `...118`
• `` -> `...119`
• `` -> `...120`
• `` -> `...121`
• `` -> `...122`
• `` -> `...123`
• `` -> `...124`
• `` -> `...125`
• `` -> `...126`
• `` -> `...127`
• `` -> `...128`Calculating RDMs Searchlight for sub 26
Calculating RDMs Searchlight for sub 32
New names:
• `` -> `...1`
• `` -> `...2`
• `` -> `...3`
• `` -> `...4`
• `` -> `...5`
• `` -> `...6`
• `` -> `...7`
• `` -> `...8`
• `` -> `...9`
• `` -> `...10`
• `` -> `...11`
• `` -> `...12`
• `` -> `...13`
• `` -> `...14`
• `` -> `...15`
• `` -> `...16`
• `` -> `...17`
• `` -> `...18`
• `` -> `...19`
• `` -> `...20`
• `` -> `...21`
• `` -> `...22`
• `` -> `...23`
• `` -> `...24`
• `` -> `...25`
• `` -> `...26`
• `` -> `...27`
• `` -> `...28`
• `` -> `...29`
• `` -> `...30`
• `` -> `...31`
• `` -> `...32`
• `` -> `...33`
• `` -> `...34`
• `` -> `...35`
• `` -> `...36`
• `` -> `...37`
• `` -> `...38`
• `` -> `...39`
• `` -> `...40`
• `` -> `...41`
• `` -> `...42`
• `` -> `...43`
• `` -> `...44`
• `` -> `...45`
• `` -> `...46`
• `` -> `...47`
• `` -> `...48`
• `` -> `...49`
• `` -> `...50`
• `` -> `...51`
• `` -> `...52`
• `` -> `...53`
• `` -> `...54`
• `` -> `...55`
• `` -> `...56`
• `` -> `...57`
• `` -> `...58`
• `` -> `...59`
• `` -> `...60`
• `` -> `...61`
• `` -> `...62`
• `` -> `...63`
• `` -> `...64`
• `` -> `...65`
• `` -> `...66`
• `` -> `...67`
• `` -> `...68`
• `` -> `...69`
• `` -> `...70`
• `` -> `...71`
• `` -> `...72`
• `` -> `...73`
• `` -> `...74`
• `` -> `...75`
• `` -> `...76`
• `` -> `...77`
• `` -> `...78`
• `` -> `...79`
• `` -> `...80`
• `` -> `...81`
• `` -> `...82`
• `` -> `...83`
• `` -> `...84`
• `` -> `...85`
• `` -> `...86`
• `` -> `...87`
• `` -> `...88`
• `` -> `...89`
• `` -> `...90`
• `` -> `...91`
• `` -> `...92`
• `` -> `...93`
• `` -> `...94`
• `` -> `...95`
• `` -> `...96`
• `` -> `...97`
• `` -> `...98`
• `` -> `...99`
• `` -> `...100`
• `` -> `...101`
• `` -> `...102`
• `` -> `...103`
• `` -> `...104`
• `` -> `...105`
• `` -> `...106`
• `` -> `...107`
• `` -> `...108`
• `` -> `...109`
• `` -> `...110`
• `` -> `...111`
• `` -> `...112`
• `` -> `...113`
• `` -> `...114`
• `` -> `...115`
• `` -> `...116`
• `` -> `...117`
• `` -> `...118`
• `` -> `...119`
• `` -> `...120`
• `` -> `...121`
• `` -> `...122`
• `` -> `...123`
• `` -> `...124`
• `` -> `...125`
• `` -> `...126`
• `` -> `...127`
• `` -> `...128`New names:
• `` -> `...1`
• `` -> `...2`
• `` -> `...3`
• `` -> `...4`
• `` -> `...5`
• `` -> `...6`
• `` -> `...7`
• `` -> `...8`
• `` -> `...9`
• `` -> `...10`
• `` -> `...11`
• `` -> `...12`
• `` -> `...13`
• `` -> `...14`
• `` -> `...15`
• `` -> `...16`
• `` -> `...17`
• `` -> `...18`
• `` -> `...19`
• `` -> `...20`
• `` -> `...21`
• `` -> `...22`
• `` -> `...23`
• `` -> `...24`
• `` -> `...25`
• `` -> `...26`
• `` -> `...27`
• `` -> `...28`
• `` -> `...29`
• `` -> `...30`
• `` -> `...31`
• `` -> `...32`
• `` -> `...33`
• `` -> `...34`
• `` -> `...35`
• `` -> `...36`
• `` -> `...37`
• `` -> `...38`
• `` -> `...39`
• `` -> `...40`
• `` -> `...41`
• `` -> `...42`
• `` -> `...43`
• `` -> `...44`
• `` -> `...45`
• `` -> `...46`
• `` -> `...47`
• `` -> `...48`
• `` -> `...49`
• `` -> `...50`
• `` -> `...51`
• `` -> `...52`
• `` -> `...53`
• `` -> `...54`
• `` -> `...55`
• `` -> `...56`
• `` -> `...57`
• `` -> `...58`
• `` -> `...59`
• `` -> `...60`
• `` -> `...61`
• `` -> `...62`
• `` -> `...63`
• `` -> `...64`
• `` -> `...65`
• `` -> `...66`
• `` -> `...67`
• `` -> `...68`
• `` -> `...69`
• `` -> `...70`
• `` -> `...71`
• `` -> `...72`
• `` -> `...73`
• `` -> `...74`
• `` -> `...75`
• `` -> `...76`
• `` -> `...77`
• `` -> `...78`
• `` -> `...79`
• `` -> `...80`
• `` -> `...81`
• `` -> `...82`
• `` -> `...83`
• `` -> `...84`
• `` -> `...85`
• `` -> `...86`
• `` -> `...87`
• `` -> `...88`
• `` -> `...89`
• `` -> `...90`
• `` -> `...91`
• `` -> `...92`
• `` -> `...93`
• `` -> `...94`
• `` -> `...95`
• `` -> `...96`
• `` -> `...97`
• `` -> `...98`
• `` -> `...99`
• `` -> `...100`
• `` -> `...101`
• `` -> `...102`
• `` -> `...103`
• `` -> `...104`
• `` -> `...105`
• `` -> `...106`
• `` -> `...107`
• `` -> `...108`
• `` -> `...109`
• `` -> `...110`
• `` -> `...111`
• `` -> `...112`
• `` -> `...113`
• `` -> `...114`
• `` -> `...115`
• `` -> `...116`
• `` -> `...117`
• `` -> `...118`
• `` -> `...119`
• `` -> `...120`
• `` -> `...121`
• `` -> `...122`
• `` -> `...123`
• `` -> `...124`
• `` -> `...125`
• `` -> `...126`
• `` -> `...127`
• `` -> `...128`Calculating RDMs Searchlight for sub 23
New names:
• `` -> `...1`
• `` -> `...2`
• `` -> `...3`
• `` -> `...4`
• `` -> `...5`
• `` -> `...6`
• `` -> `...7`
• `` -> `...8`
• `` -> `...9`
• `` -> `...10`
• `` -> `...11`
• `` -> `...12`
• `` -> `...13`
• `` -> `...14`
• `` -> `...15`
• `` -> `...16`
• `` -> `...17`
• `` -> `...18`
• `` -> `...19`
• `` -> `...20`
• `` -> `...21`
• `` -> `...22`
• `` -> `...23`
• `` -> `...24`
• `` -> `...25`
• `` -> `...26`
• `` -> `...27`
• `` -> `...28`
• `` -> `...29`
• `` -> `...30`
• `` -> `...31`
• `` -> `...32`
• `` -> `...33`
• `` -> `...34`
• `` -> `...35`
• `` -> `...36`
• `` -> `...37`
• `` -> `...38`
• `` -> `...39`
• `` -> `...40`
• `` -> `...41`
• `` -> `...42`
• `` -> `...43`
• `` -> `...44`
• `` -> `...45`
• `` -> `...46`
• `` -> `...47`
• `` -> `...48`
• `` -> `...49`
• `` -> `...50`
• `` -> `...51`
• `` -> `...52`
• `` -> `...53`
• `` -> `...54`
• `` -> `...55`
• `` -> `...56`
• `` -> `...57`
• `` -> `...58`
• `` -> `...59`
• `` -> `...60`
• `` -> `...61`
• `` -> `...62`
• `` -> `...63`
• `` -> `...64`
• `` -> `...65`
• `` -> `...66`
• `` -> `...67`
• `` -> `...68`
• `` -> `...69`
• `` -> `...70`
• `` -> `...71`
• `` -> `...72`
• `` -> `...73`
• `` -> `...74`
• `` -> `...75`
• `` -> `...76`
• `` -> `...77`
• `` -> `...78`
• `` -> `...79`
• `` -> `...80`
• `` -> `...81`
• `` -> `...82`
• `` -> `...83`
• `` -> `...84`
• `` -> `...85`
• `` -> `...86`
• `` -> `...87`
• `` -> `...88`
• `` -> `...89`
• `` -> `...90`
• `` -> `...91`
• `` -> `...92`
• `` -> `...93`
• `` -> `...94`
• `` -> `...95`
• `` -> `...96`
• `` -> `...97`
• `` -> `...98`
• `` -> `...99`
• `` -> `...100`
• `` -> `...101`
• `` -> `...102`
• `` -> `...103`
• `` -> `...104`
• `` -> `...105`
• `` -> `...106`
• `` -> `...107`
• `` -> `...108`
• `` -> `...109`
• `` -> `...110`
• `` -> `...111`
• `` -> `...112`
• `` -> `...113`
• `` -> `...114`
• `` -> `...115`
• `` -> `...116`
• `` -> `...117`
• `` -> `...118`
• `` -> `...119`
• `` -> `...120`
• `` -> `...121`
• `` -> `...122`
• `` -> `...123`
• `` -> `...124`
• `` -> `...125`
• `` -> `...126`
• `` -> `...127`
• `` -> `...128`Calculating RDMs Searchlight for sub 15
New names:
• `` -> `...1`
• `` -> `...2`
• `` -> `...3`
• `` -> `...4`
• `` -> `...5`
• `` -> `...6`
• `` -> `...7`
• `` -> `...8`
• `` -> `...9`
• `` -> `...10`
• `` -> `...11`
• `` -> `...12`
• `` -> `...13`
• `` -> `...14`
• `` -> `...15`
• `` -> `...16`
• `` -> `...17`
• `` -> `...18`
• `` -> `...19`
• `` -> `...20`
• `` -> `...21`
• `` -> `...22`
• `` -> `...23`
• `` -> `...24`
• `` -> `...25`
• `` -> `...26`
• `` -> `...27`
• `` -> `...28`
• `` -> `...29`
• `` -> `...30`
• `` -> `...31`
• `` -> `...32`
• `` -> `...33`
• `` -> `...34`
• `` -> `...35`
• `` -> `...36`
• `` -> `...37`
• `` -> `...38`
• `` -> `...39`
• `` -> `...40`
• `` -> `...41`
• `` -> `...42`
• `` -> `...43`
• `` -> `...44`
• `` -> `...45`
• `` -> `...46`
• `` -> `...47`
• `` -> `...48`
• `` -> `...49`
• `` -> `...50`
• `` -> `...51`
• `` -> `...52`
• `` -> `...53`
• `` -> `...54`
• `` -> `...55`
• `` -> `...56`
• `` -> `...57`
• `` -> `...58`
• `` -> `...59`
• `` -> `...60`
• `` -> `...61`
• `` -> `...62`
• `` -> `...63`
• `` -> `...64`
• `` -> `...65`
• `` -> `...66`
• `` -> `...67`
• `` -> `...68`
• `` -> `...69`
• `` -> `...70`
• `` -> `...71`
• `` -> `...72`
• `` -> `...73`
• `` -> `...74`
• `` -> `...75`
• `` -> `...76`
• `` -> `...77`
• `` -> `...78`
• `` -> `...79`
• `` -> `...80`
• `` -> `...81`
• `` -> `...82`
• `` -> `...83`
• `` -> `...84`
• `` -> `...85`
• `` -> `...86`
• `` -> `...87`
• `` -> `...88`
• `` -> `...89`
• `` -> `...90`
• `` -> `...91`
• `` -> `...92`
• `` -> `...93`
• `` -> `...94`
• `` -> `...95`
• `` -> `...96`
• `` -> `...97`
• `` -> `...98`
• `` -> `...99`
• `` -> `...100`
• `` -> `...101`
• `` -> `...102`
• `` -> `...103`
• `` -> `...104`
• `` -> `...105`
• `` -> `...106`
• `` -> `...107`
• `` -> `...108`
• `` -> `...109`
• `` -> `...110`
• `` -> `...111`
• `` -> `...112`
• `` -> `...113`
• `` -> `...114`
• `` -> `...115`
• `` -> `...116`
• `` -> `...117`
• `` -> `...118`
• `` -> `...119`
• `` -> `...120`
• `` -> `...121`
• `` -> `...122`
• `` -> `...123`
• `` -> `...124`
• `` -> `...125`
• `` -> `...126`
• `` -> `...127`
• `` -> `...128`Calculating RDMs Searchlight for sub 20
Calculating RDMs Searchlight for sub 19
New names:
• `` -> `...1`
• `` -> `...2`
• `` -> `...3`
• `` -> `...4`
• `` -> `...5`
• `` -> `...6`
• `` -> `...7`
• `` -> `...8`
• `` -> `...9`
• `` -> `...10`
• `` -> `...11`
• `` -> `...12`
• `` -> `...13`
• `` -> `...14`
• `` -> `...15`
• `` -> `...16`
• `` -> `...17`
• `` -> `...18`
• `` -> `...19`
• `` -> `...20`
• `` -> `...21`
• `` -> `...22`
• `` -> `...23`
• `` -> `...24`
• `` -> `...25`
• `` -> `...26`
• `` -> `...27`
• `` -> `...28`
• `` -> `...29`
• `` -> `...30`
• `` -> `...31`
• `` -> `...32`
• `` -> `...33`
• `` -> `...34`
• `` -> `...35`
• `` -> `...36`
• `` -> `...37`
• `` -> `...38`
• `` -> `...39`
• `` -> `...40`
• `` -> `...41`
• `` -> `...42`
• `` -> `...43`
• `` -> `...44`
• `` -> `...45`
• `` -> `...46`
• `` -> `...47`
• `` -> `...48`
• `` -> `...49`
• `` -> `...50`
• `` -> `...51`
• `` -> `...52`
• `` -> `...53`
• `` -> `...54`
• `` -> `...55`
• `` -> `...56`
• `` -> `...57`
• `` -> `...58`
• `` -> `...59`
• `` -> `...60`
• `` -> `...61`
• `` -> `...62`
• `` -> `...63`
• `` -> `...64`
• `` -> `...65`
• `` -> `...66`
• `` -> `...67`
• `` -> `...68`
• `` -> `...69`
• `` -> `...70`
• `` -> `...71`
• `` -> `...72`
• `` -> `...73`
• `` -> `...74`
• `` -> `...75`
• `` -> `...76`
• `` -> `...77`
• `` -> `...78`
• `` -> `...79`
• `` -> `...80`
• `` -> `...81`
• `` -> `...82`
• `` -> `...83`
• `` -> `...84`
• `` -> `...85`
• `` -> `...86`
• `` -> `...87`
• `` -> `...88`
• `` -> `...89`
• `` -> `...90`
• `` -> `...91`
• `` -> `...92`
• `` -> `...93`
• `` -> `...94`
• `` -> `...95`
• `` -> `...96`
• `` -> `...97`
• `` -> `...98`
• `` -> `...99`
• `` -> `...100`
• `` -> `...101`
• `` -> `...102`
• `` -> `...103`
• `` -> `...104`
• `` -> `...105`
• `` -> `...106`
• `` -> `...107`
• `` -> `...108`
• `` -> `...109`
• `` -> `...110`
• `` -> `...111`
• `` -> `...112`
• `` -> `...113`
• `` -> `...114`
• `` -> `...115`
• `` -> `...116`
• `` -> `...117`
• `` -> `...118`
• `` -> `...119`
• `` -> `...120`
• `` -> `...121`
• `` -> `...122`
• `` -> `...123`
• `` -> `...124`
• `` -> `...125`
• `` -> `...126`
• `` -> `...127`
• `` -> `...128`New names:
• `` -> `...1`
• `` -> `...2`
• `` -> `...3`
• `` -> `...4`
• `` -> `...5`
• `` -> `...6`
• `` -> `...7`
• `` -> `...8`
• `` -> `...9`
• `` -> `...10`
• `` -> `...11`
• `` -> `...12`
• `` -> `...13`
• `` -> `...14`
• `` -> `...15`
• `` -> `...16`
• `` -> `...17`
• `` -> `...18`
• `` -> `...19`
• `` -> `...20`
• `` -> `...21`
• `` -> `...22`
• `` -> `...23`
• `` -> `...24`
• `` -> `...25`
• `` -> `...26`
• `` -> `...27`
• `` -> `...28`
• `` -> `...29`
• `` -> `...30`
• `` -> `...31`
• `` -> `...32`
• `` -> `...33`
• `` -> `...34`
• `` -> `...35`
• `` -> `...36`
• `` -> `...37`
• `` -> `...38`
• `` -> `...39`
• `` -> `...40`
• `` -> `...41`
• `` -> `...42`
• `` -> `...43`
• `` -> `...44`
• `` -> `...45`
• `` -> `...46`
• `` -> `...47`
• `` -> `...48`
• `` -> `...49`
• `` -> `...50`
• `` -> `...51`
• `` -> `...52`
• `` -> `...53`
• `` -> `...54`
• `` -> `...55`
• `` -> `...56`
• `` -> `...57`
• `` -> `...58`
• `` -> `...59`
• `` -> `...60`
• `` -> `...61`
• `` -> `...62`
• `` -> `...63`
• `` -> `...64`
• `` -> `...65`
• `` -> `...66`
• `` -> `...67`
• `` -> `...68`
• `` -> `...69`
• `` -> `...70`
• `` -> `...71`
• `` -> `...72`
• `` -> `...73`
• `` -> `...74`
• `` -> `...75`
• `` -> `...76`
• `` -> `...77`
• `` -> `...78`
• `` -> `...79`
• `` -> `...80`
• `` -> `...81`
• `` -> `...82`
• `` -> `...83`
• `` -> `...84`
• `` -> `...85`
• `` -> `...86`
• `` -> `...87`
• `` -> `...88`
• `` -> `...89`
• `` -> `...90`
• `` -> `...91`
• `` -> `...92`
• `` -> `...93`
• `` -> `...94`
• `` -> `...95`
• `` -> `...96`
• `` -> `...97`
• `` -> `...98`
• `` -> `...99`
• `` -> `...100`
• `` -> `...101`
• `` -> `...102`
• `` -> `...103`
• `` -> `...104`
• `` -> `...105`
• `` -> `...106`
• `` -> `...107`
• `` -> `...108`
• `` -> `...109`
• `` -> `...110`
• `` -> `...111`
• `` -> `...112`
• `` -> `...113`
• `` -> `...114`
• `` -> `...115`
• `` -> `...116`
• `` -> `...117`
• `` -> `...118`
• `` -> `...119`
• `` -> `...120`
• `` -> `...121`
• `` -> `...122`
• `` -> `...123`
• `` -> `...124`
• `` -> `...125`
• `` -> `...126`
• `` -> `...127`
• `` -> `...128`27.758 sec elapsed
# A tibble: 1,792 × 4
# Groups:   sub, region [1,792]
   sub   region fmri                 rat                 
   <chr> <chr>  <list>               <list>              
 1 02    304150 <tibble [1,540 × 1]> <tibble [1,540 × 1]>
 2 02    304151 <tibble [1,540 × 1]> <tibble [1,540 × 1]>
 3 02    304152 <tibble [1,540 × 1]> <tibble [1,540 × 1]>
 4 02    304153 <tibble [1,540 × 1]> <tibble [1,540 × 1]>
 5 02    304154 <tibble [1,540 × 1]> <tibble [1,540 × 1]>
 6 02    314067 <tibble [1,540 × 1]> <tibble [1,540 × 1]>
 7 02    314068 <tibble [1,540 × 1]> <tibble [1,540 × 1]>
 8 02    314069 <tibble [1,540 × 1]> <tibble [1,540 × 1]>
 9 02    314070 <tibble [1,540 × 1]> <tibble [1,540 × 1]>
10 02    314071 <tibble [1,540 × 1]> <tibble [1,540 × 1]>
# ℹ 1,782 more rows
/data00/leonardo/RSA/analyses/rsa/rsa_results/N14_test_mask_EER/sub_02_RSA_emotion_median.nii.gz
/data00/leonardo/RSA/analyses/rsa/rsa_results/N14_test_mask_EER/sub_03_RSA_emotion_median.nii.gz
/data00/leonardo/RSA/analyses/rsa/rsa_results/N14_test_mask_EER/sub_09_RSA_emotion_median.nii.gz
/data00/leonardo/RSA/analyses/rsa/rsa_results/N14_test_mask_EER/sub_11_RSA_emotion_median.nii.gz
/data00/leonardo/RSA/analyses/rsa/rsa_results/N14_test_mask_EER/sub_12_RSA_emotion_median.nii.gz
/data00/leonardo/RSA/analyses/rsa/rsa_results/N14_test_mask_EER/sub_15_RSA_emotion_median.nii.gz
/data00/leonardo/RSA/analyses/rsa/rsa_results/N14_test_mask_EER/sub_19_RSA_emotion_median.nii.gz
/data00/leonardo/RSA/analyses/rsa/rsa_results/N14_test_mask_EER/sub_20_RSA_emotion_median.nii.gz
/data00/leonardo/RSA/analyses/rsa/rsa_results/N14_test_mask_EER/sub_22_RSA_emotion_median.nii.gz
/data00/leonardo/RSA/analyses/rsa/rsa_results/N14_test_mask_EER/sub_23_RSA_emotion_median.nii.gz
/data00/leonardo/RSA/analyses/rsa/rsa_results/N14_test_mask_EER/sub_26_RSA_emotion_median.nii.gz
/data00/leonardo/RSA/analyses/rsa/rsa_results/N14_test_mask_EER/sub_28_RSA_emotion_median.nii.gz
/data00/leonardo/RSA/analyses/rsa/rsa_results/N14_test_mask_EER/sub_29_RSA_emotion_median.nii.gz
/data00/leonardo/RSA/analyses/rsa/rsa_results/N14_test_mask_EER/sub_32_RSA_emotion_median.nii.gz
/data00/leonardo/RSA/analyses/rsa/rsa_results/N14_test_mask_EER_emotion_median.nii.gz
