── Attaching core tidyverse packages ──────────────────────── tidyverse 2.0.0 ──
✔ dplyr     1.1.4     ✔ readr     2.1.4
✔ forcats   1.0.0     ✔ stringr   1.5.1
✔ ggplot2   3.4.4     ✔ tibble    3.2.1
✔ lubridate 1.9.3     ✔ tidyr     1.3.0
✔ purrr     1.0.2     
── Attaching core tidyverse packages ──────────────────────── tidyverse 2.0.0 ──
✔ dplyr     1.1.4     ✔ readr     2.1.4
✔ forcats   1.0.0     ✔ stringr   1.5.1
✔ ggplot2   3.4.4     ✔ tibble    3.2.1
✔ lubridate 1.9.3     ✔ tidyr     1.3.0
✔ purrr     1.0.2     
── Attaching core tidyverse packages ──────────────────────── tidyverse 2.0.0 ──
✔ dplyr     1.1.4     ✔ readr     2.1.4
✔ forcats   1.0.0     ✔ stringr   1.5.1
✔ ggplot2   3.4.4     ✔ tibble    3.2.1
✔ lubridate 1.9.3     ✔ tidyr     1.3.0
✔ purrr     1.0.2     
── Conflicts ────────────────────────────────────────── tidyverse_conflicts() ──
✖ purrr::%||%()   masks base::%||%()
✖ dplyr::filter() masks stats::filter()
✖ dplyr::lag()    masks stats::lag()
ℹ Use the conflicted package (<http://conflicted.r-lib.org/>) to force all conflicts to become errors
── Conflicts ────────────────────────────────────────── tidyverse_conflicts() ──
✖ purrr::%||%()   masks base::%||%()
✖ dplyr::filter() masks stats::filter()
✖ dplyr::lag()    masks stats::lag()
ℹ Use the conflicted package (<http://conflicted.r-lib.org/>) to force all conflicts to become errors
── Conflicts ────────────────────────────────────────── tidyverse_conflicts() ──
✖ purrr::%||%()   masks base::%||%()
✖ dplyr::filter() masks stats::filter()
✖ dplyr::lag()    masks stats::lag()
ℹ Use the conflicted package (<http://conflicted.r-lib.org/>) to force all conflicts to become errors

Attaching package: ‘RNifti’

The following object is masked from ‘package:tibble’:

    view


Attaching package: ‘proxy’

The following objects are masked from ‘package:stats’:

    as.dist, dist

The following object is masked from ‘package:base’:

    as.matrix


Attaching package: ‘RNifti’

The following object is masked from ‘package:tibble’:

    view


Attaching package: ‘proxy’

The following objects are masked from ‘package:stats’:

    as.dist, dist

The following object is masked from ‘package:base’:

    as.matrix


Attaching package: ‘RNifti’

The following object is masked from ‘package:tibble’:

    view


Attaching package: ‘proxy’

The following objects are masked from ‘package:stats’:

    as.dist, dist

The following object is masked from ‘package:base’:

    as.matrix

[1] "Created /data00/leonardo/RSA/analyses/rsa/rsa_results/N14_GM_clean_LH_EER"
[1] "/data00/leonardo/RSA/analyses/rsa/rsa_results/N14_GM_clean_LH_EER already exists"
[1] "/data00/leonardo/RSA/analyses/rsa/rsa_results/N14_GM_clean_LH_EER already exists"
Rows: 1456 Columns: 3
── Column specification ────────────────────────────────────────────────────────
Delimiter: ","
chr (2): sub, path
dbl (1): cope

ℹ Use `spec()` to retrieve the full column specification for this data.
ℹ Specify the column types or set `show_col_types = FALSE` to quiet this message.
Rows: 1456 Columns: 3
── Column specification ────────────────────────────────────────────────────────
Delimiter: ","
chr (2): sub, path
dbl (1): cope

ℹ Use `spec()` to retrieve the full column specification for this data.
ℹ Specify the column types or set `show_col_types = FALSE` to quiet this message.
Rows: 1456 Columns: 3
── Column specification ────────────────────────────────────────────────────────
Delimiter: ","
chr (2): sub, path
dbl (1): cope
Rows: 1456 Columns: 8

ℹ Use `spec()` to retrieve the full column specification for this data.
ℹ Specify the column types or set `show_col_types = FALSE` to quiet this message.
── Column specification ────────────────────────────────────────────────────────
Delimiter: ","
chr (6): sub, video, original_code, high_low_code, actor, emotion
dbl (2): r_arousal, movie_cope_number

ℹ Use `spec()` to retrieve the full column specification for this data.
ℹ Specify the column types or set `show_col_types = FALSE` to quiet this message.
Rows: 1456 Columns: 13
── Column specification ────────────────────────────────────────────────────────
Delimiter: ","
chr (6): sub, video, original_code, high_low_code, actor, emotion
dbl (7): r_happy, r_disgust, r_sad, r_fear, r_anger, r_pain, movie_cope_number
Rows: 1456 Columns: 8

ℹ Use `spec()` to retrieve the full column specification for this data.
ℹ Specify the column types or set `show_col_types = FALSE` to quiet this message.
── Column specification ────────────────────────────────────────────────────────
Delimiter: ","
chr (6): sub, video, original_code, high_low_code, actor, emotion
dbl (2): r_valence, movie_cope_number

ℹ Use `spec()` to retrieve the full column specification for this data.
ℹ Specify the column types or set `show_col_types = FALSE` to quiet this message.
# A tibble: 21,560 × 2
   sub   value
   <chr> <dbl>
 1 02        3
 2 02        1
 3 02        5
 4 02        0
 5 02        3
 6 02        0
 7 02        5
 8 02        7
 9 02        7
10 02        1
# ℹ 21,550 more rows
# A tibble: 21,560 × 2
   sub   value
   <chr> <dbl>
 1 02     11.3
 2 02     12.8
 3 02     10.6
 4 02     12.8
 5 02     11.3
 6 02     12.8
 7 02     10.6
 8 02      8  
 9 02      8  
10 02      2  
# ℹ 21,550 more rows
# A tibble: 21,560 × 2
   sub   value
   <chr> <dbl>
 1 02        2
 2 02        0
 3 02        2
 4 02        0
 5 02        1
 6 02        8
 7 02        6
 8 02        4
 9 02        4
10 02        0
# ℹ 21,550 more rows
13.856 sec elapsed
14.079 sec elapsed
14.231 sec elapsed
New names:
• `` -> `...1`
• `` -> `...2`
• `` -> `...3`
• `` -> `...4`
• `` -> `...5`
• `` -> `...6`
• `` -> `...7`
• `` -> `...8`
• `` -> `...9`
• `` -> `...10`
# A tibble: 1,540 × 10
   `114719` `114720` `114810` `124459` `124460` `124461` `124462` `124463`
      <dbl>    <dbl>    <dbl>    <dbl>    <dbl>    <dbl>    <dbl>    <dbl>
 1     129.     165.    132.      495.     531.     501.    221.         0
 2     226.     205.    136.      435.     503.     480.    235.         0
 3     333.     337.    289.      250.     209.     194.    137.         0
 4     343.     338.    316.      587.     624.     623.    295.         0
 5     353.     319.    280.      607.     622.     567.    259.         0
 6     117.     134.     89.9     254.     283.     265.    130.         0
 7     223.     219.    188.      411.     453.     455.    216.         0
 8     390.     305.    352.      268.     170.     130.    162.         0
 9     241.     258.    228.      284.     305.     247.     18.7        0
10     217.     217.    225.      283.     211.     156.     41.6        0
# ℹ 1,530 more rows
# ℹ 2 more variables: `124546` <dbl>, `124547` <dbl>
New names:
• `` -> `...1`
• `` -> `...2`
• `` -> `...3`
• `` -> `...4`
• `` -> `...5`
• `` -> `...6`
• `` -> `...7`
• `` -> `...8`
• `` -> `...9`
• `` -> `...10`
# A tibble: 1,540 × 10
   `114719` `114720` `114810` `124459` `124460` `124461` `124462` `124463`
      <dbl>    <dbl>    <dbl>    <dbl>    <dbl>    <dbl>    <dbl>    <dbl>
 1     129.     165.    132.      495.     531.     501.    221.         0
 2     226.     205.    136.      435.     503.     480.    235.         0
 3     333.     337.    289.      250.     209.     194.    137.         0
 4     343.     338.    316.      587.     624.     623.    295.         0
 5     353.     319.    280.      607.     622.     567.    259.         0
 6     117.     134.     89.9     254.     283.     265.    130.         0
 7     223.     219.    188.      411.     453.     455.    216.         0
 8     390.     305.    352.      268.     170.     130.    162.         0
 9     241.     258.    228.      284.     305.     247.     18.7        0
10     217.     217.    225.      283.     211.     156.     41.6        0
# ℹ 1,530 more rows
# ℹ 2 more variables: `124546` <dbl>, `124547` <dbl>
New names:
• `` -> `...1`
• `` -> `...2`
• `` -> `...3`
• `` -> `...4`
• `` -> `...5`
• `` -> `...6`
• `` -> `...7`
• `` -> `...8`
• `` -> `...9`
• `` -> `...10`
# A tibble: 1,540 × 10
   `114719` `114720` `114810` `124459` `124460` `124461` `124462` `124463`
      <dbl>    <dbl>    <dbl>    <dbl>    <dbl>    <dbl>    <dbl>    <dbl>
 1     129.     165.    132.      495.     531.     501.    221.         0
 2     226.     205.    136.      435.     503.     480.    235.         0
 3     333.     337.    289.      250.     209.     194.    137.         0
 4     343.     338.    316.      587.     624.     623.    295.         0
 5     353.     319.    280.      607.     622.     567.    259.         0
 6     117.     134.     89.9     254.     283.     265.    130.         0
 7     223.     219.    188.      411.     453.     455.    216.         0
 8     390.     305.    352.      268.     170.     130.    162.         0
 9     241.     258.    228.      284.     305.     247.     18.7        0
10     217.     217.    225.      283.     211.     156.     41.6        0
# ℹ 1,530 more rows
# ℹ 2 more variables: `124546` <dbl>, `124547` <dbl>
