
Collecting usage statistics. To deactivate, set browser.gatherUsageStats to False.


  You can now view your Streamlit app in your browser.

  Network URL: http://10.43.0.12:5811
  External URL: http://192.87.139.45:5811

/data00/leonardo/RSA/analyses/app/neuroviz/bin/python
allMovies has 1 ncopes
arousal has 1 ncopes
valence has 1 ncopes
emotion has 6 ncopes
one_ev_per_movie has 56 ncopes
[]
Execution took 0.0005369186401367188 seconds.
  Stopping...

Collecting usage statistics. To deactivate, set browser.gatherUsageStats to False.


  You can now view your Streamlit app in your browser.

  Network URL: http://10.43.0.12:5811
  External URL: http://192.87.139.45:5811

/data00/leonardo/RSA/analyses/app/neuroviz/bin/python
allMovies has 1 ncopes
arousal has 1 ncopes
valence has 1 ncopes
emotion has 6 ncopes
one_ev_per_movie has 56 ncopes
[]
Execution took 0.0005745887756347656 seconds.
  Stopping...

Collecting usage statistics. To deactivate, set browser.gatherUsageStats to False.


  You can now view your Streamlit app in your browser.

  Network URL: http://10.43.0.12:5811
  External URL: http://192.87.139.45:5811

  Stopping...

Collecting usage statistics. To deactivate, set browser.gatherUsageStats to False.


  You can now view your Streamlit app in your browser.

  Network URL: http://10.43.0.12:5811
  External URL: http://192.87.139.45:5811

