sub : 02
model : one_ev_per_movie
nruns : 8
preproc_dir : /data00/leonardo/RSA/prep_data/sub-02/fmri/one_ev_per_movie
gfeat_targetdir : /data00/leonardo/RSA/analyses/one_ev_per_movie/results/2nd_level/sub-02_one_ev_per_movie.gfeat
fsf_template_2nd_level : /data00/leonardo/RSA/analyses/one_ev_per_movie/second_level_template.fsf
fsf_sub_2nd_level : /data00/leonardo/RSA/analyses/one_ev_per_movie/results/2nd_level/fsf_sub_2nd_level_sub-02.fsf
sub : 03
model : one_ev_per_movie
nruns : 8
preproc_dir : /data00/leonardo/RSA/prep_data/sub-03/fmri/one_ev_per_movie
gfeat_targetdir : /data00/leonardo/RSA/analyses/one_ev_per_movie/results/2nd_level/sub-03_one_ev_per_movie.gfeat
fsf_template_2nd_level : /data00/leonardo/RSA/analyses/one_ev_per_movie/second_level_template.fsf
fsf_sub_2nd_level : /data00/leonardo/RSA/analyses/one_ev_per_movie/results/2nd_level/fsf_sub_2nd_level_sub-03.fsf
sub : 05
model : one_ev_per_movie
nruns : 8
preproc_dir : /data00/leonardo/RSA/prep_data/sub-05/fmri/one_ev_per_movie
gfeat_targetdir : /data00/leonardo/RSA/analyses/one_ev_per_movie/results/2nd_level/sub-05_one_ev_per_movie.gfeat
fsf_template_2nd_level : /data00/leonardo/RSA/analyses/one_ev_per_movie/second_level_template.fsf
fsf_sub_2nd_level : /data00/leonardo/RSA/analyses/one_ev_per_movie/results/2nd_level/fsf_sub_2nd_level_sub-05.fsf
sub : 07
model : one_ev_per_movie
nruns : 8
preproc_dir : /data00/leonardo/RSA/prep_data/sub-07/fmri/one_ev_per_movie
gfeat_targetdir : /data00/leonardo/RSA/analyses/one_ev_per_movie/results/2nd_level/sub-07_one_ev_per_movie.gfeat
fsf_template_2nd_level : /data00/leonardo/RSA/analyses/one_ev_per_movie/second_level_template.fsf
fsf_sub_2nd_level : /data00/leonardo/RSA/analyses/one_ev_per_movie/results/2nd_level/fsf_sub_2nd_level_sub-07.fsf
sub : 10
model : one_ev_per_movie
nruns : 8
preproc_dir : /data00/leonardo/RSA/prep_data/sub-10/fmri/one_ev_per_movie
gfeat_targetdir : /data00/leonardo/RSA/analyses/one_ev_per_movie/results/2nd_level/sub-10_one_ev_per_movie.gfeat
fsf_template_2nd_level : /data00/leonardo/RSA/analyses/one_ev_per_movie/second_level_template.fsf
fsf_sub_2nd_level : /data00/leonardo/RSA/analyses/one_ev_per_movie/results/2nd_level/fsf_sub_2nd_level_sub-10.fsf
sub : 09
model : one_ev_per_movie
nruns : 8
preproc_dir : /data00/leonardo/RSA/prep_data/sub-09/fmri/one_ev_per_movie
gfeat_targetdir : /data00/leonardo/RSA/analyses/one_ev_per_movie/results/2nd_level/sub-09_one_ev_per_movie.gfeat
fsf_template_2nd_level : /data00/leonardo/RSA/analyses/one_ev_per_movie/second_level_template.fsf
fsf_sub_2nd_level : /data00/leonardo/RSA/analyses/one_ev_per_movie/results/2nd_level/fsf_sub_2nd_level_sub-09.fsf
sub : 11
model : one_ev_per_movie
nruns : 8
preproc_dir : /data00/leonardo/RSA/prep_data/sub-11/fmri/one_ev_per_movie
gfeat_targetdir : /data00/leonardo/RSA/analyses/one_ev_per_movie/results/2nd_level/sub-11_one_ev_per_movie.gfeat
fsf_template_2nd_level : /data00/leonardo/RSA/analyses/one_ev_per_movie/second_level_template.fsf
fsf_sub_2nd_level : /data00/leonardo/RSA/analyses/one_ev_per_movie/results/2nd_level/fsf_sub_2nd_level_sub-11.fsf
sub : 14
model : one_ev_per_movie
nruns : 8
preproc_dir : /data00/leonardo/RSA/prep_data/sub-14/fmri/one_ev_per_movie
gfeat_targetdir : /data00/leonardo/RSA/analyses/one_ev_per_movie/results/2nd_level/sub-14_one_ev_per_movie.gfeat
fsf_template_2nd_level : /data00/leonardo/RSA/analyses/one_ev_per_movie/second_level_template.fsf
fsf_sub_2nd_level : /data00/leonardo/RSA/analyses/one_ev_per_movie/results/2nd_level/fsf_sub_2nd_level_sub-14.fsf
sub : 12
model : one_ev_per_movie
nruns : 8
preproc_dir : /data00/leonardo/RSA/prep_data/sub-12/fmri/one_ev_per_movie
gfeat_targetdir : /data00/leonardo/RSA/analyses/one_ev_per_movie/results/2nd_level/sub-12_one_ev_per_movie.gfeat
fsf_template_2nd_level : /data00/leonardo/RSA/analyses/one_ev_per_movie/second_level_template.fsf
fsf_sub_2nd_level : /data00/leonardo/RSA/analyses/one_ev_per_movie/results/2nd_level/fsf_sub_2nd_level_sub-12.fsf
sub : 15
model : one_ev_per_movie
nruns : 8
preproc_dir : /data00/leonardo/RSA/prep_data/sub-15/fmri/one_ev_per_movie
gfeat_targetdir : /data00/leonardo/RSA/analyses/one_ev_per_movie/results/2nd_level/sub-15_one_ev_per_movie.gfeat
fsf_template_2nd_level : /data00/leonardo/RSA/analyses/one_ev_per_movie/second_level_template.fsf
fsf_sub_2nd_level : /data00/leonardo/RSA/analyses/one_ev_per_movie/results/2nd_level/fsf_sub_2nd_level_sub-15.fsf
sub : 16
model : one_ev_per_movie
nruns : 8
preproc_dir : /data00/leonardo/RSA/prep_data/sub-16/fmri/one_ev_per_movie
gfeat_targetdir : /data00/leonardo/RSA/analyses/one_ev_per_movie/results/2nd_level/sub-16_one_ev_per_movie.gfeat
fsf_template_2nd_level : /data00/leonardo/RSA/analyses/one_ev_per_movie/second_level_template.fsf
fsf_sub_2nd_level : /data00/leonardo/RSA/analyses/one_ev_per_movie/results/2nd_level/fsf_sub_2nd_level_sub-16.fsf
sub : 18
model : one_ev_per_movie
nruns : 8
preproc_dir : /data00/leonardo/RSA/prep_data/sub-18/fmri/one_ev_per_movie
gfeat_targetdir : /data00/leonardo/RSA/analyses/one_ev_per_movie/results/2nd_level/sub-18_one_ev_per_movie.gfeat
fsf_template_2nd_level : /data00/leonardo/RSA/analyses/one_ev_per_movie/second_level_template.fsf
fsf_sub_2nd_level : /data00/leonardo/RSA/analyses/one_ev_per_movie/results/2nd_level/fsf_sub_2nd_level_sub-18.fsf
sub : 19
model : one_ev_per_movie
nruns : 8
preproc_dir : /data00/leonardo/RSA/prep_data/sub-19/fmri/one_ev_per_movie
gfeat_targetdir : /data00/leonardo/RSA/analyses/one_ev_per_movie/results/2nd_level/sub-19_one_ev_per_movie.gfeat
fsf_template_2nd_level : /data00/leonardo/RSA/analyses/one_ev_per_movie/second_level_template.fsf
fsf_sub_2nd_level : /data00/leonardo/RSA/analyses/one_ev_per_movie/results/2nd_level/fsf_sub_2nd_level_sub-19.fsf
sub : 20
model : one_ev_per_movie
nruns : 8
preproc_dir : /data00/leonardo/RSA/prep_data/sub-20/fmri/one_ev_per_movie
gfeat_targetdir : /data00/leonardo/RSA/analyses/one_ev_per_movie/results/2nd_level/sub-20_one_ev_per_movie.gfeat
fsf_template_2nd_level : /data00/leonardo/RSA/analyses/one_ev_per_movie/second_level_template.fsf
fsf_sub_2nd_level : /data00/leonardo/RSA/analyses/one_ev_per_movie/results/2nd_level/fsf_sub_2nd_level_sub-20.fsf
sub : 21
model : one_ev_per_movie
nruns : 8
preproc_dir : /data00/leonardo/RSA/prep_data/sub-21/fmri/one_ev_per_movie
gfeat_targetdir : /data00/leonardo/RSA/analyses/one_ev_per_movie/results/2nd_level/sub-21_one_ev_per_movie.gfeat
fsf_template_2nd_level : /data00/leonardo/RSA/analyses/one_ev_per_movie/second_level_template.fsf
fsf_sub_2nd_level : /data00/leonardo/RSA/analyses/one_ev_per_movie/results/2nd_level/fsf_sub_2nd_level_sub-21.fsf
sub : 22
model : one_ev_per_movie
nruns : 8
preproc_dir : /data00/leonardo/RSA/prep_data/sub-22/fmri/one_ev_per_movie
gfeat_targetdir : /data00/leonardo/RSA/analyses/one_ev_per_movie/results/2nd_level/sub-22_one_ev_per_movie.gfeat
fsf_template_2nd_level : /data00/leonardo/RSA/analyses/one_ev_per_movie/second_level_template.fsf
fsf_sub_2nd_level : /data00/leonardo/RSA/analyses/one_ev_per_movie/results/2nd_level/fsf_sub_2nd_level_sub-22.fsf
running 2nd level feat for sub-02
sub : 23
model : one_ev_per_movie
nruns : 8
preproc_dir : /data00/leonardo/RSA/prep_data/sub-23/fmri/one_ev_per_movie
gfeat_targetdir : /data00/leonardo/RSA/analyses/one_ev_per_movie/results/2nd_level/sub-23_one_ev_per_movie.gfeat
fsf_template_2nd_level : /data00/leonardo/RSA/analyses/one_ev_per_movie/second_level_template.fsf
fsf_sub_2nd_level : /data00/leonardo/RSA/analyses/one_ev_per_movie/results/2nd_level/fsf_sub_2nd_level_sub-23.fsf
running 2nd level feat for sub-03
running 2nd level feat for sub-10
sub : 24
model : one_ev_per_movie
nruns : 8
preproc_dir : /data00/leonardo/RSA/prep_data/sub-24/fmri/one_ev_per_movie
gfeat_targetdir : /data00/leonardo/RSA/analyses/one_ev_per_movie/results/2nd_level/sub-24_one_ev_per_movie.gfeat
fsf_template_2nd_level : /data00/leonardo/RSA/analyses/one_ev_per_movie/second_level_template.fsf
fsf_sub_2nd_level : /data00/leonardo/RSA/analyses/one_ev_per_movie/results/2nd_level/fsf_sub_2nd_level_sub-24.fsf
sub : 26
model : one_ev_per_movie
nruns : 8
preproc_dir : /data00/leonardo/RSA/prep_data/sub-26/fmri/one_ev_per_movie
gfeat_targetdir : /data00/leonardo/RSA/analyses/one_ev_per_movie/results/2nd_level/sub-26_one_ev_per_movie.gfeat
fsf_template_2nd_level : /data00/leonardo/RSA/analyses/one_ev_per_movie/second_level_template.fsf
fsf_sub_2nd_level : /data00/leonardo/RSA/analyses/one_ev_per_movie/results/2nd_level/fsf_sub_2nd_level_sub-26.fsf
running 2nd level feat for sub-07
running 2nd level feat for sub-09
sub : 27
model : one_ev_per_movie
nruns : 8
preproc_dir : /data00/leonardo/RSA/prep_data/sub-27/fmri/one_ev_per_movie
gfeat_targetdir : /data00/leonardo/RSA/analyses/one_ev_per_movie/results/2nd_level/sub-27_one_ev_per_movie.gfeat
fsf_template_2nd_level : /data00/leonardo/RSA/analyses/one_ev_per_movie/second_level_template.fsf
fsf_sub_2nd_level : /data00/leonardo/RSA/analyses/one_ev_per_movie/results/2nd_level/fsf_sub_2nd_level_sub-27.fsf
running 2nd level feat for sub-11
sub : 28
model : one_ev_per_movie
nruns : 8
preproc_dir : /data00/leonardo/RSA/prep_data/sub-28/fmri/one_ev_per_movie
gfeat_targetdir : /data00/leonardo/RSA/analyses/one_ev_per_movie/results/2nd_level/sub-28_one_ev_per_movie.gfeat
fsf_template_2nd_level : /data00/leonardo/RSA/analyses/one_ev_per_movie/second_level_template.fsf
fsf_sub_2nd_level : /data00/leonardo/RSA/analyses/one_ev_per_movie/results/2nd_level/fsf_sub_2nd_level_sub-28.fsf
running 2nd level feat for sub-14
sub : 29
model : one_ev_per_movie
nruns : 8
preproc_dir : /data00/leonardo/RSA/prep_data/sub-29/fmri/one_ev_per_movie
gfeat_targetdir : /data00/leonardo/RSA/analyses/one_ev_per_movie/results/2nd_level/sub-29_one_ev_per_movie.gfeat
fsf_template_2nd_level : /data00/leonardo/RSA/analyses/one_ev_per_movie/second_level_template.fsf
fsf_sub_2nd_level : /data00/leonardo/RSA/analyses/one_ev_per_movie/results/2nd_level/fsf_sub_2nd_level_sub-29.fsf
running 2nd level feat for sub-05
sub : 30
model : one_ev_per_movie
running 2nd level feat for sub-15
nruns : 8
preproc_dir : /data00/leonardo/RSA/prep_data/sub-30/fmri/one_ev_per_movie
gfeat_targetdir : /data00/leonardo/RSA/analyses/one_ev_per_movie/results/2nd_level/sub-30_one_ev_per_movie.gfeat
fsf_template_2nd_level : /data00/leonardo/RSA/analyses/one_ev_per_movie/second_level_template.fsf
fsf_sub_2nd_level : /data00/leonardo/RSA/analyses/one_ev_per_movie/results/2nd_level/fsf_sub_2nd_level_sub-30.fsf
running 2nd level feat for sub-12
sub : 31
model : one_ev_per_movie
nruns : 8
preproc_dir : /data00/leonardo/RSA/prep_data/sub-31/fmri/one_ev_per_movie
gfeat_targetdir : /data00/leonardo/RSA/analyses/one_ev_per_movie/results/2nd_level/sub-31_one_ev_per_movie.gfeat
fsf_template_2nd_level : /data00/leonardo/RSA/analyses/one_ev_per_movie/second_level_template.fsf
fsf_sub_2nd_level : /data00/leonardo/RSA/analyses/one_ev_per_movie/results/2nd_level/fsf_sub_2nd_level_sub-31.fsf
running 2nd level feat for sub-18
sub : 34
model : one_ev_per_movie
nruns : 8
preproc_dir : /data00/leonardo/RSA/prep_data/sub-34/fmri/one_ev_per_movie
gfeat_targetdir : /data00/leonardo/RSA/analyses/one_ev_per_movie/results/2nd_level/sub-34_one_ev_per_movie.gfeat
fsf_template_2nd_level : /data00/leonardo/RSA/analyses/one_ev_per_movie/second_level_template.fsf
fsf_sub_2nd_level : /data00/leonardo/RSA/analyses/one_ev_per_movie/results/2nd_level/fsf_sub_2nd_level_sub-34.fsf
sub : 32
model : one_ev_per_movie
nruns : 8
preproc_dir : /data00/leonardo/RSA/prep_data/sub-32/fmri/one_ev_per_movie
gfeat_targetdir : /data00/leonardo/RSA/analyses/one_ev_per_movie/results/2nd_level/sub-32_one_ev_per_movie.gfeat
fsf_template_2nd_level : /data00/leonardo/RSA/analyses/one_ev_per_movie/second_level_template.fsf
fsf_sub_2nd_level : /data00/leonardo/RSA/analyses/one_ev_per_movie/results/2nd_level/fsf_sub_2nd_level_sub-32.fsf
running 2nd level feat for sub-20
running 2nd level feat for sub-19
running 2nd level feat for sub-16
running 2nd level feat for sub-22
running 2nd level feat for sub-21
running 2nd level feat for sub-23
running 2nd level feat for sub-24
running 2nd level feat for sub-28
running 2nd level feat for sub-26
running 2nd level feat for sub-29
running 2nd level feat for sub-30
running 2nd level feat for sub-27
running 2nd level feat for sub-31
running 2nd level feat for sub-34
running 2nd level feat for sub-32
