── Attaching core tidyverse packages ──────────────────────── tidyverse 2.0.0 ──
✔ dplyr     1.1.4     ✔ readr     2.1.4
✔ forcats   1.0.0     ✔ stringr   1.5.1
✔ ggplot2   3.4.4     ✔ tibble    3.2.1
✔ lubridate 1.9.3     ✔ tidyr     1.3.0
✔ purrr     1.0.2     
── Conflicts ────────────────────────────────────────── tidyverse_conflicts() ──
✖ dplyr::filter() masks stats::filter()
✖ dplyr::lag()    masks stats::lag()
ℹ Use the conflicted package (<http://conflicted.r-lib.org/>) to force all conflicts to become errors
Rows: 1456 Columns: 8
── Column specification ────────────────────────────────────────────────────────
Delimiter: ","
chr (6): sub, video, original_code, high_low_code, actor, emotion
dbl (2): r_valence, movie_cope_number

ℹ Use `spec()` to retrieve the full column specification for this data.
ℹ Specify the column types or set `show_col_types = FALSE` to quiet this message.
# A tibble: 1,456 × 8
   sub   video     r_valence original_code high_low_code movie_cope_number actor
   <chr> <chr>         <dbl> <chr>         <chr>                     <dbl> <chr>
 1 02    AK_A_32.…         1 AK_A_32       AK_A_high                     1 AK   
 2 02    AK_A_04.…         3 AK_A_04       AK_A_low                      2 AK   
 3 02    AK_D_12.…         1 AK_D_12       AK_D_high                     3 AK   
 4 02    AK_D_02.…         3 AK_D_02       AK_D_low                      4 AK   
 5 02    AK_F_24.…         1 AK_F_24       AK_F_high                     5 AK   
 6 02    AK_F_02.…         2 AK_F_02       AK_F_low                      6 AK   
 7 02    AK_H_15.…         9 AK_H_15       AK_H_high                     7 AK   
 8 02    AK_H_28.…         7 AK_H_28       AK_H_low                      8 AK   
 9 02    AK_N_09.…         5 AK_N_09       AK_N_high                     9 AK   
10 02    AK_N_01.…         5 AK_N_01       AK_N_low                     10 AK   
# ℹ 1,446 more rows
# ℹ 1 more variable: emotion <chr>
[1] 1 2 3 4 5 6 7 8
[1] "Creating .mat files for sub02 in /data00/leonardo/RSA/prep_data/sub-02/fmri/valence"
[1] "Creating .mat files for sub03 in /data00/leonardo/RSA/prep_data/sub-03/fmri/valence"
[1] "Creating .mat files for sub05 in /data00/leonardo/RSA/prep_data/sub-05/fmri/valence"
[1] "Creating .mat files for sub07 in /data00/leonardo/RSA/prep_data/sub-07/fmri/valence"
[1] "Creating .mat files for sub09 in /data00/leonardo/RSA/prep_data/sub-09/fmri/valence"
[1] "Creating .mat files for sub10 in /data00/leonardo/RSA/prep_data/sub-10/fmri/valence"
[1] "Creating .mat files for sub11 in /data00/leonardo/RSA/prep_data/sub-11/fmri/valence"
[1] "Creating .mat files for sub12 in /data00/leonardo/RSA/prep_data/sub-12/fmri/valence"
[1] "Creating .mat files for sub14 in /data00/leonardo/RSA/prep_data/sub-14/fmri/valence"
[1] "Creating .mat files for sub15 in /data00/leonardo/RSA/prep_data/sub-15/fmri/valence"
[1] "Creating .mat files for sub16 in /data00/leonardo/RSA/prep_data/sub-16/fmri/valence"
[1] "Creating .mat files for sub18 in /data00/leonardo/RSA/prep_data/sub-18/fmri/valence"
[1] "Creating .mat files for sub19 in /data00/leonardo/RSA/prep_data/sub-19/fmri/valence"
[1] "Creating .mat files for sub20 in /data00/leonardo/RSA/prep_data/sub-20/fmri/valence"
[1] "Creating .mat files for sub21 in /data00/leonardo/RSA/prep_data/sub-21/fmri/valence"
[1] "Creating .mat files for sub22 in /data00/leonardo/RSA/prep_data/sub-22/fmri/valence"
[1] "Creating .mat files for sub23 in /data00/leonardo/RSA/prep_data/sub-23/fmri/valence"
[1] "Creating .mat files for sub24 in /data00/leonardo/RSA/prep_data/sub-24/fmri/valence"
[1] "Creating .mat files for sub26 in /data00/leonardo/RSA/prep_data/sub-26/fmri/valence"
[1] "Creating .mat files for sub27 in /data00/leonardo/RSA/prep_data/sub-27/fmri/valence"
[1] "Creating .mat files for sub28 in /data00/leonardo/RSA/prep_data/sub-28/fmri/valence"
[1] "Creating .mat files for sub29 in /data00/leonardo/RSA/prep_data/sub-29/fmri/valence"
[1] "Creating .mat files for sub30 in /data00/leonardo/RSA/prep_data/sub-30/fmri/valence"
[1] "Creating .mat files for sub31 in /data00/leonardo/RSA/prep_data/sub-31/fmri/valence"
[1] "Creating .mat files for sub32 in /data00/leonardo/RSA/prep_data/sub-32/fmri/valence"
[1] "Creating .mat files for sub34 in /data00/leonardo/RSA/prep_data/sub-34/fmri/valence"
Processing sub-02_run-1
Processing sub-05_run-1
Processing sub-03_run-1
Processing sub-07_run-1
fsf_sub_run : /data00/leonardo/RSA/prep_data/sub-02/fmri/valence/design_sub-02_run-1.fsf
sub_mat : /data00/leonardo/RSA/prep_data/sub-02/fmri/valence/sub-02_run-1.mat
sub_feat : /data00/leonardo/RSA/prep_data/sub-02/fmri/valence/sub-02_run-1_preproc_reg.feat

fsf_sub_run : /data00/leonardo/RSA/prep_data/sub-05/fmri/valence/design_sub-05_run-1.fsf
sub_mat : /data00/leonardo/RSA/prep_data/sub-05/fmri/valence/sub-05_run-1.mat
sub_feat : /data00/leonardo/RSA/prep_data/sub-05/fmri/valence/sub-05_run-1_preproc_reg.feat

fsf_sub_run : /data00/leonardo/RSA/prep_data/sub-07/fmri/valence/design_sub-07_run-1.fsf
sub_mat : /data00/leonardo/RSA/prep_data/sub-07/fmri/valence/sub-07_run-1.mat
sub_feat : /data00/leonardo/RSA/prep_data/sub-07/fmri/valence/sub-07_run-1_preproc_reg.feat

fsf_sub_run : /data00/leonardo/RSA/prep_data/sub-03/fmri/valence/design_sub-03_run-1.fsf
sub_mat : /data00/leonardo/RSA/prep_data/sub-03/fmri/valence/sub-03_run-1.mat
sub_feat : /data00/leonardo/RSA/prep_data/sub-03/fmri/valence/sub-03_run-1_preproc_reg.feat

tr : 1.816679 
total_volumes : 275 
MNI_template : /data00/leonardo/warez/fsl/data/standard/MNI152_T1_2mm_brain 
total_voxels : 495616000 
feat_dir : /data00/leonardo/RSA/prep_data/sub-02/fmri/valence/sub-02_run-1_preproc_reg.feat 
anat_brain_image : /data00/leonardo/RSA/prep_data/sub-02/anat/sub-02_T1w_brain 
ev_1 : /data00/leonardo/RSA/prep_data/sub-02/fmri/valence/sub-02_run-1.mat 
name_ev_1 : valence 
name_con_real_1 : valence_con 
name_con_orig_1 : valence_con 
tr : 1.815949 
total_volumes : 275 
MNI_template : /data00/leonardo/warez/fsl/data/standard/MNI152_T1_2mm_brain 
total_voxels : 495616000 
feat_dir : /data00/leonardo/RSA/prep_data/sub-05/fmri/valence/sub-05_run-1_preproc_reg.feat 
anat_brain_image : /data00/leonardo/RSA/prep_data/sub-05/anat/sub-05_T1w_brain 
ev_1 : /data00/leonardo/RSA/prep_data/sub-05/fmri/valence/sub-05_run-1.mat 
name_ev_1 : valence 
name_con_real_1 : valence_con 
name_con_orig_1 : valence_con 


Processing sub-02_run-2
tr : 1.816241 
total_volumes : 275 
MNI_template : /data00/leonardo/warez/fsl/data/standard/MNI152_T1_2mm_brain 
total_voxels : 495616000 
feat_dir : /data00/leonardo/RSA/prep_data/sub-07/fmri/valence/sub-07_run-1_preproc_reg.feat 
anat_brain_image : /data00/leonardo/RSA/prep_data/sub-07/anat/sub-07_T1w_brain 
ev_1 : /data00/leonardo/RSA/prep_data/sub-07/fmri/valence/sub-07_run-1.mat 
name_ev_1 : valence 
name_con_real_1 : valence_con 
name_con_orig_1 : valence_con 


Processing sub-07_run-2


Processing sub-05_run-2
tr : 1.816460 
total_volumes : 275 
MNI_template : /data00/leonardo/warez/fsl/data/standard/MNI152_T1_2mm_brain 
total_voxels : 495616000 
feat_dir : /data00/leonardo/RSA/prep_data/sub-03/fmri/valence/sub-03_run-1_preproc_reg.feat 
anat_brain_image : /data00/leonardo/RSA/prep_data/sub-03/anat/sub-03_T1w_brain 
ev_1 : /data00/leonardo/RSA/prep_data/sub-03/fmri/valence/sub-03_run-1.mat 
name_ev_1 : valence 
name_con_real_1 : valence_con 
name_con_orig_1 : valence_con 


Processing sub-03_run-2
fsf_sub_run : /data00/leonardo/RSA/prep_data/sub-03/fmri/valence/design_sub-03_run-2.fsf
sub_mat : /data00/leonardo/RSA/prep_data/sub-03/fmri/valence/sub-03_run-2.mat
sub_feat : /data00/leonardo/RSA/prep_data/sub-03/fmri/valence/sub-03_run-2_preproc_reg.feat

fsf_sub_run : /data00/leonardo/RSA/prep_data/sub-02/fmri/valence/design_sub-02_run-2.fsf
sub_mat : /data00/leonardo/RSA/prep_data/sub-02/fmri/valence/sub-02_run-2.mat
sub_feat : /data00/leonardo/RSA/prep_data/sub-02/fmri/valence/sub-02_run-2_preproc_reg.feat

fsf_sub_run : /data00/leonardo/RSA/prep_data/sub-07/fmri/valence/design_sub-07_run-2.fsf
sub_mat : /data00/leonardo/RSA/prep_data/sub-07/fmri/valence/sub-07_run-2.mat
sub_feat : /data00/leonardo/RSA/prep_data/sub-07/fmri/valence/sub-07_run-2_preproc_reg.feat

fsf_sub_run : /data00/leonardo/RSA/prep_data/sub-05/fmri/valence/design_sub-05_run-2.fsf
sub_mat : /data00/leonardo/RSA/prep_data/sub-05/fmri/valence/sub-05_run-2.mat
sub_feat : /data00/leonardo/RSA/prep_data/sub-05/fmri/valence/sub-05_run-2_preproc_reg.feat

tr : 1.816460 
total_volumes : 275 
MNI_template : /data00/leonardo/warez/fsl/data/standard/MNI152_T1_2mm_brain 
total_voxels : 495616000 
feat_dir : /data00/leonardo/RSA/prep_data/sub-03/fmri/valence/sub-03_run-2_preproc_reg.feat 
anat_brain_image : /data00/leonardo/RSA/prep_data/sub-03/anat/sub-03_T1w_brain 
ev_1 : /data00/leonardo/RSA/prep_data/sub-03/fmri/valence/sub-03_run-2.mat 
name_ev_1 : valence 
name_con_real_1 : valence_con 
name_con_orig_1 : valence_con 


Processing sub-03_run-3
tr : 1.816679 
total_volumes : 275 
MNI_template : /data00/leonardo/warez/fsl/data/standard/MNI152_T1_2mm_brain 
total_voxels : 495616000 
feat_dir : /data00/leonardo/RSA/prep_data/sub-02/fmri/valence/sub-02_run-2_preproc_reg.feat 
anat_brain_image : /data00/leonardo/RSA/prep_data/sub-02/anat/sub-02_T1w_brain 
ev_1 : /data00/leonardo/RSA/prep_data/sub-02/fmri/valence/sub-02_run-2.mat 
name_ev_1 : valence 
name_con_real_1 : valence_con 
name_con_orig_1 : valence_con 


Processing sub-02_run-3
tr : 1.816241 
total_volumes : 275 
MNI_template : /data00/leonardo/warez/fsl/data/standard/MNI152_T1_2mm_brain 
total_voxels : 495616000 
feat_dir : /data00/leonardo/RSA/prep_data/sub-07/fmri/valence/sub-07_run-2_preproc_reg.feat 
anat_brain_image : /data00/leonardo/RSA/prep_data/sub-07/anat/sub-07_T1w_brain 
ev_1 : /data00/leonardo/RSA/prep_data/sub-07/fmri/valence/sub-07_run-2.mat 
name_ev_1 : valence 
name_con_real_1 : valence_con 
name_con_orig_1 : valence_con 


Processing sub-07_run-3
tr : 1.815949 
total_volumes : 275 
MNI_template : /data00/leonardo/warez/fsl/data/standard/MNI152_T1_2mm_brain 
total_voxels : 495616000 
feat_dir : /data00/leonardo/RSA/prep_data/sub-05/fmri/valence/sub-05_run-2_preproc_reg.feat 
anat_brain_image : /data00/leonardo/RSA/prep_data/sub-05/anat/sub-05_T1w_brain 
ev_1 : /data00/leonardo/RSA/prep_data/sub-05/fmri/valence/sub-05_run-2.mat 
name_ev_1 : valence 
name_con_real_1 : valence_con 
name_con_orig_1 : valence_con 


Processing sub-05_run-3
fsf_sub_run : /data00/leonardo/RSA/prep_data/sub-03/fmri/valence/design_sub-03_run-3.fsf
sub_mat : /data00/leonardo/RSA/prep_data/sub-03/fmri/valence/sub-03_run-3.mat
sub_feat : /data00/leonardo/RSA/prep_data/sub-03/fmri/valence/sub-03_run-3_preproc_reg.feat

tr : 1.816460 
total_volumes : 275 
MNI_template : /data00/leonardo/warez/fsl/data/standard/MNI152_T1_2mm_brain 
total_voxels : 495616000 
feat_dir : /data00/leonardo/RSA/prep_data/sub-03/fmri/valence/sub-03_run-3_preproc_reg.feat 
anat_brain_image : /data00/leonardo/RSA/prep_data/sub-03/anat/sub-03_T1w_brain 
ev_1 : /data00/leonardo/RSA/prep_data/sub-03/fmri/valence/sub-03_run-3.mat 
name_ev_1 : valence 
name_con_real_1 : valence_con 
name_con_orig_1 : valence_con 


Processing sub-03_run-4
fsf_sub_run : /data00/leonardo/RSA/prep_data/sub-05/fmri/valence/design_sub-05_run-3.fsf
sub_mat : /data00/leonardo/RSA/prep_data/sub-05/fmri/valence/sub-05_run-3.mat
sub_feat : /data00/leonardo/RSA/prep_data/sub-05/fmri/valence/sub-05_run-3_preproc_reg.feat

fsf_sub_run : /data00/leonardo/RSA/prep_data/sub-02/fmri/valence/design_sub-02_run-3.fsf
sub_mat : /data00/leonardo/RSA/prep_data/sub-02/fmri/valence/sub-02_run-3.mat
sub_feat : /data00/leonardo/RSA/prep_data/sub-02/fmri/valence/sub-02_run-3_preproc_reg.feat

fsf_sub_run : /data00/leonardo/RSA/prep_data/sub-07/fmri/valence/design_sub-07_run-3.fsf
sub_mat : /data00/leonardo/RSA/prep_data/sub-07/fmri/valence/sub-07_run-3.mat
sub_feat : /data00/leonardo/RSA/prep_data/sub-07/fmri/valence/sub-07_run-3_preproc_reg.feat

tr : 1.815949 
total_volumes : 275 
MNI_template : /data00/leonardo/warez/fsl/data/standard/MNI152_T1_2mm_brain 
total_voxels : 495616000 
feat_dir : /data00/leonardo/RSA/prep_data/sub-05/fmri/valence/sub-05_run-3_preproc_reg.feat 
anat_brain_image : /data00/leonardo/RSA/prep_data/sub-05/anat/sub-05_T1w_brain 
ev_1 : /data00/leonardo/RSA/prep_data/sub-05/fmri/valence/sub-05_run-3.mat 
name_ev_1 : valence 
name_con_real_1 : valence_con 
name_con_orig_1 : valence_con 
tr : 1.816679 
total_volumes : 275 
MNI_template : /data00/leonardo/warez/fsl/data/standard/MNI152_T1_2mm_brain 
total_voxels : 495616000 
feat_dir : /data00/leonardo/RSA/prep_data/sub-02/fmri/valence/sub-02_run-3_preproc_reg.feat 
anat_brain_image : /data00/leonardo/RSA/prep_data/sub-02/anat/sub-02_T1w_brain 
ev_1 : /data00/leonardo/RSA/prep_data/sub-02/fmri/valence/sub-02_run-3.mat 
name_ev_1 : valence 
name_con_real_1 : valence_con 
name_con_orig_1 : valence_con 


Processing sub-05_run-4


Processing sub-02_run-4
tr : 1.816241 
total_volumes : 275 
MNI_template : /data00/leonardo/warez/fsl/data/standard/MNI152_T1_2mm_brain 
total_voxels : 495616000 
feat_dir : /data00/leonardo/RSA/prep_data/sub-07/fmri/valence/sub-07_run-3_preproc_reg.feat 
anat_brain_image : /data00/leonardo/RSA/prep_data/sub-07/anat/sub-07_T1w_brain 
ev_1 : /data00/leonardo/RSA/prep_data/sub-07/fmri/valence/sub-07_run-3.mat 
name_ev_1 : valence 
name_con_real_1 : valence_con 
name_con_orig_1 : valence_con 


Processing sub-07_run-4
fsf_sub_run : /data00/leonardo/RSA/prep_data/sub-05/fmri/valence/design_sub-05_run-4.fsf
sub_mat : /data00/leonardo/RSA/prep_data/sub-05/fmri/valence/sub-05_run-4.mat
sub_feat : /data00/leonardo/RSA/prep_data/sub-05/fmri/valence/sub-05_run-4_preproc_reg.feat

fsf_sub_run : /data00/leonardo/RSA/prep_data/sub-02/fmri/valence/design_sub-02_run-4.fsf
sub_mat : /data00/leonardo/RSA/prep_data/sub-02/fmri/valence/sub-02_run-4.mat
sub_feat : /data00/leonardo/RSA/prep_data/sub-02/fmri/valence/sub-02_run-4_preproc_reg.feat

fsf_sub_run : /data00/leonardo/RSA/prep_data/sub-03/fmri/valence/design_sub-03_run-4.fsf
sub_mat : /data00/leonardo/RSA/prep_data/sub-03/fmri/valence/sub-03_run-4.mat
sub_feat : /data00/leonardo/RSA/prep_data/sub-03/fmri/valence/sub-03_run-4_preproc_reg.feat

fsf_sub_run : /data00/leonardo/RSA/prep_data/sub-07/fmri/valence/design_sub-07_run-4.fsf
sub_mat : /data00/leonardo/RSA/prep_data/sub-07/fmri/valence/sub-07_run-4.mat
sub_feat : /data00/leonardo/RSA/prep_data/sub-07/fmri/valence/sub-07_run-4_preproc_reg.feat

tr : 1.816679 
total_volumes : 275 
MNI_template : /data00/leonardo/warez/fsl/data/standard/MNI152_T1_2mm_brain 
total_voxels : 495616000 
feat_dir : /data00/leonardo/RSA/prep_data/sub-02/fmri/valence/sub-02_run-4_preproc_reg.feat 
anat_brain_image : /data00/leonardo/RSA/prep_data/sub-02/anat/sub-02_T1w_brain 
ev_1 : /data00/leonardo/RSA/prep_data/sub-02/fmri/valence/sub-02_run-4.mat 
name_ev_1 : valence 
name_con_real_1 : valence_con 
name_con_orig_1 : valence_con 
tr : 1.816460 
tr : 1.815949 

tr : 1.816241 

total_volumes : 275 
total_volumes : 275 
total_volumes : 275 
MNI_template : /data00/leonardo/warez/fsl/data/standard/MNI152_T1_2mm_brain 
MNI_template : /data00/leonardo/warez/fsl/data/standard/MNI152_T1_2mm_brain 
Processing sub-02_run-5
MNI_template : /data00/leonardo/warez/fsl/data/standard/MNI152_T1_2mm_brain 
total_voxels : 495616000 
total_voxels : 495616000 
total_voxels : 495616000 
feat_dir : /data00/leonardo/RSA/prep_data/sub-03/fmri/valence/sub-03_run-4_preproc_reg.feat 
feat_dir : /data00/leonardo/RSA/prep_data/sub-07/fmri/valence/sub-07_run-4_preproc_reg.feat 
anat_brain_image : /data00/leonardo/RSA/prep_data/sub-03/anat/sub-03_T1w_brain 
feat_dir : /data00/leonardo/RSA/prep_data/sub-05/fmri/valence/sub-05_run-4_preproc_reg.feat 
anat_brain_image : /data00/leonardo/RSA/prep_data/sub-07/anat/sub-07_T1w_brain 
ev_1 : /data00/leonardo/RSA/prep_data/sub-03/fmri/valence/sub-03_run-4.mat 
ev_1 : /data00/leonardo/RSA/prep_data/sub-07/fmri/valence/sub-07_run-4.mat 
anat_brain_image : /data00/leonardo/RSA/prep_data/sub-05/anat/sub-05_T1w_brain 
name_ev_1 : valence 
name_ev_1 : valence 
ev_1 : /data00/leonardo/RSA/prep_data/sub-05/fmri/valence/sub-05_run-4.mat 
name_con_real_1 : valence_con 
name_con_real_1 : valence_con 
name_ev_1 : valence 
name_con_orig_1 : valence_con 
name_con_orig_1 : valence_con 
name_con_real_1 : valence_con 
name_con_orig_1 : valence_con 


Processing sub-07_run-5


Processing sub-03_run-5


Processing sub-05_run-5
fsf_sub_run : /data00/leonardo/RSA/prep_data/sub-05/fmri/valence/design_sub-05_run-5.fsf
sub_mat : /data00/leonardo/RSA/prep_data/sub-05/fmri/valence/sub-05_run-5.mat
sub_feat : /data00/leonardo/RSA/prep_data/sub-05/fmri/valence/sub-05_run-5_preproc_reg.feat

fsf_sub_run : /data00/leonardo/RSA/prep_data/sub-02/fmri/valence/design_sub-02_run-5.fsf
sub_mat : /data00/leonardo/RSA/prep_data/sub-02/fmri/valence/sub-02_run-5.mat
sub_feat : /data00/leonardo/RSA/prep_data/sub-02/fmri/valence/sub-02_run-5_preproc_reg.feat

fsf_sub_run : /data00/leonardo/RSA/prep_data/sub-07/fmri/valence/design_sub-07_run-5.fsf
sub_mat : /data00/leonardo/RSA/prep_data/sub-07/fmri/valence/sub-07_run-5.mat
sub_feat : /data00/leonardo/RSA/prep_data/sub-07/fmri/valence/sub-07_run-5_preproc_reg.feat

fsf_sub_run : /data00/leonardo/RSA/prep_data/sub-03/fmri/valence/design_sub-03_run-5.fsf
sub_mat : /data00/leonardo/RSA/prep_data/sub-03/fmri/valence/sub-03_run-5.mat
sub_feat : /data00/leonardo/RSA/prep_data/sub-03/fmri/valence/sub-03_run-5_preproc_reg.feat

tr : 1.815949 
total_volumes : 275 
MNI_template : /data00/leonardo/warez/fsl/data/standard/MNI152_T1_2mm_brain 
total_voxels : 495616000 
feat_dir : /data00/leonardo/RSA/prep_data/sub-05/fmri/valence/sub-05_run-5_preproc_reg.feat 
anat_brain_image : /data00/leonardo/RSA/prep_data/sub-05/anat/sub-05_T1w_brain 
ev_1 : /data00/leonardo/RSA/prep_data/sub-05/fmri/valence/sub-05_run-5.mat 
name_ev_1 : valence 
name_con_real_1 : valence_con 
name_con_orig_1 : valence_con 


Processing sub-05_run-6
tr : 1.816241 
total_volumes : 275 
MNI_template : /data00/leonardo/warez/fsl/data/standard/MNI152_T1_2mm_brain 
total_voxels : 495616000 
feat_dir : /data00/leonardo/RSA/prep_data/sub-07/fmri/valence/sub-07_run-5_preproc_reg.feat 
anat_brain_image : /data00/leonardo/RSA/prep_data/sub-07/anat/sub-07_T1w_brain 
ev_1 : /data00/leonardo/RSA/prep_data/sub-07/fmri/valence/sub-07_run-5.mat 
name_ev_1 : valence 
name_con_real_1 : valence_con 
name_con_orig_1 : valence_con 
tr : 1.816460 
total_volumes : 275 
MNI_template : /data00/leonardo/warez/fsl/data/standard/MNI152_T1_2mm_brain 
total_voxels : 495616000 
feat_dir : /data00/leonardo/RSA/prep_data/sub-03/fmri/valence/sub-03_run-5_preproc_reg.feat 
anat_brain_image : /data00/leonardo/RSA/prep_data/sub-03/anat/sub-03_T1w_brain 
ev_1 : /data00/leonardo/RSA/prep_data/sub-03/fmri/valence/sub-03_run-5.mat 
name_ev_1 : valence 
name_con_real_1 : valence_con 
name_con_orig_1 : valence_con 
tr : 1.816679 
total_volumes : 275 
MNI_template : /data00/leonardo/warez/fsl/data/standard/MNI152_T1_2mm_brain 
total_voxels : 495616000 
feat_dir : /data00/leonardo/RSA/prep_data/sub-02/fmri/valence/sub-02_run-5_preproc_reg.feat 
anat_brain_image : /data00/leonardo/RSA/prep_data/sub-02/anat/sub-02_T1w_brain 
ev_1 : /data00/leonardo/RSA/prep_data/sub-02/fmri/valence/sub-02_run-5.mat 
name_ev_1 : valence 
name_con_real_1 : valence_con 
name_con_orig_1 : valence_con 


Processing sub-07_run-6


Processing sub-02_run-6


Processing sub-03_run-6
fsf_sub_run : /data00/leonardo/RSA/prep_data/sub-05/fmri/valence/design_sub-05_run-6.fsf
sub_mat : /data00/leonardo/RSA/prep_data/sub-05/fmri/valence/sub-05_run-6.mat
sub_feat : /data00/leonardo/RSA/prep_data/sub-05/fmri/valence/sub-05_run-6_preproc_reg.feat

fsf_sub_run : /data00/leonardo/RSA/prep_data/sub-03/fmri/valence/design_sub-03_run-6.fsf
sub_mat : /data00/leonardo/RSA/prep_data/sub-03/fmri/valence/sub-03_run-6.mat
sub_feat : /data00/leonardo/RSA/prep_data/sub-03/fmri/valence/sub-03_run-6_preproc_reg.feat

fsf_sub_run : /data00/leonardo/RSA/prep_data/sub-07/fmri/valence/design_sub-07_run-6.fsf
sub_mat : /data00/leonardo/RSA/prep_data/sub-07/fmri/valence/sub-07_run-6.mat
sub_feat : /data00/leonardo/RSA/prep_data/sub-07/fmri/valence/sub-07_run-6_preproc_reg.feat

tr : 1.815949 
total_volumes : 275 
MNI_template : /data00/leonardo/warez/fsl/data/standard/MNI152_T1_2mm_brain 
total_voxels : 495616000 
feat_dir : /data00/leonardo/RSA/prep_data/sub-05/fmri/valence/sub-05_run-6_preproc_reg.feat 
anat_brain_image : /data00/leonardo/RSA/prep_data/sub-05/anat/sub-05_T1w_brain 
ev_1 : /data00/leonardo/RSA/prep_data/sub-05/fmri/valence/sub-05_run-6.mat 
name_ev_1 : valence 
name_con_real_1 : valence_con 
name_con_orig_1 : valence_con 
tr : 1.816460 
total_volumes : 275 
MNI_template : /data00/leonardo/warez/fsl/data/standard/MNI152_T1_2mm_brain 
total_voxels : 495616000 
feat_dir : /data00/leonardo/RSA/prep_data/sub-03/fmri/valence/sub-03_run-6_preproc_reg.feat 
anat_brain_image : /data00/leonardo/RSA/prep_data/sub-03/anat/sub-03_T1w_brain 
ev_1 : /data00/leonardo/RSA/prep_data/sub-03/fmri/valence/sub-03_run-6.mat 
name_ev_1 : valence 
name_con_real_1 : valence_con 
name_con_orig_1 : valence_con 


Processing sub-05_run-7


Processing sub-03_run-7
fsf_sub_run : /data00/leonardo/RSA/prep_data/sub-02/fmri/valence/design_sub-02_run-6.fsf
sub_mat : /data00/leonardo/RSA/prep_data/sub-02/fmri/valence/sub-02_run-6.mat
sub_feat : /data00/leonardo/RSA/prep_data/sub-02/fmri/valence/sub-02_run-6_preproc_reg.feat

tr : 1.816241 
total_volumes : 275 
MNI_template : /data00/leonardo/warez/fsl/data/standard/MNI152_T1_2mm_brain 
total_voxels : 495616000 
feat_dir : /data00/leonardo/RSA/prep_data/sub-07/fmri/valence/sub-07_run-6_preproc_reg.feat 
anat_brain_image : /data00/leonardo/RSA/prep_data/sub-07/anat/sub-07_T1w_brain 
ev_1 : /data00/leonardo/RSA/prep_data/sub-07/fmri/valence/sub-07_run-6.mat 
name_ev_1 : valence 
name_con_real_1 : valence_con 
name_con_orig_1 : valence_con 


Processing sub-07_run-7
tr : 1.816679 
total_volumes : 275 
MNI_template : /data00/leonardo/warez/fsl/data/standard/MNI152_T1_2mm_brain 
total_voxels : 495616000 
feat_dir : /data00/leonardo/RSA/prep_data/sub-02/fmri/valence/sub-02_run-6_preproc_reg.feat 
anat_brain_image : /data00/leonardo/RSA/prep_data/sub-02/anat/sub-02_T1w_brain 
ev_1 : /data00/leonardo/RSA/prep_data/sub-02/fmri/valence/sub-02_run-6.mat 
name_ev_1 : valence 
name_con_real_1 : valence_con 
name_con_orig_1 : valence_con 


Processing sub-02_run-7
fsf_sub_run : /data00/leonardo/RSA/prep_data/sub-05/fmri/valence/design_sub-05_run-7.fsf
sub_mat : /data00/leonardo/RSA/prep_data/sub-05/fmri/valence/sub-05_run-7.mat
sub_feat : /data00/leonardo/RSA/prep_data/sub-05/fmri/valence/sub-05_run-7_preproc_reg.feat

fsf_sub_run : /data00/leonardo/RSA/prep_data/sub-03/fmri/valence/design_sub-03_run-7.fsf
sub_mat : /data00/leonardo/RSA/prep_data/sub-03/fmri/valence/sub-03_run-7.mat
sub_feat : /data00/leonardo/RSA/prep_data/sub-03/fmri/valence/sub-03_run-7_preproc_reg.feat

fsf_sub_run : /data00/leonardo/RSA/prep_data/sub-07/fmri/valence/design_sub-07_run-7.fsf
sub_mat : /data00/leonardo/RSA/prep_data/sub-07/fmri/valence/sub-07_run-7.mat
sub_feat : /data00/leonardo/RSA/prep_data/sub-07/fmri/valence/sub-07_run-7_preproc_reg.feat

fsf_sub_run : /data00/leonardo/RSA/prep_data/sub-02/fmri/valence/design_sub-02_run-7.fsf
sub_mat : /data00/leonardo/RSA/prep_data/sub-02/fmri/valence/sub-02_run-7.mat
sub_feat : /data00/leonardo/RSA/prep_data/sub-02/fmri/valence/sub-02_run-7_preproc_reg.feat

tr : 1.816460 
total_volumes : 275 
MNI_template : /data00/leonardo/warez/fsl/data/standard/MNI152_T1_2mm_brain 
total_voxels : 495616000 
feat_dir : /data00/leonardo/RSA/prep_data/sub-03/fmri/valence/sub-03_run-7_preproc_reg.feat 
anat_brain_image : /data00/leonardo/RSA/prep_data/sub-03/anat/sub-03_T1w_brain 
ev_1 : /data00/leonardo/RSA/prep_data/sub-03/fmri/valence/sub-03_run-7.mat 
name_ev_1 : valence 
name_con_real_1 : valence_con 
name_con_orig_1 : valence_con 
tr : 1.815949 
total_volumes : 275 
MNI_template : /data00/leonardo/warez/fsl/data/standard/MNI152_T1_2mm_brain 
total_voxels : 495616000 
feat_dir : /data00/leonardo/RSA/prep_data/sub-05/fmri/valence/sub-05_run-7_preproc_reg.feat 
anat_brain_image : /data00/leonardo/RSA/prep_data/sub-05/anat/sub-05_T1w_brain 
ev_1 : /data00/leonardo/RSA/prep_data/sub-05/fmri/valence/sub-05_run-7.mat 
name_ev_1 : valence 
name_con_real_1 : valence_con 
name_con_orig_1 : valence_con 


Processing sub-05_run-8


Processing sub-03_run-8
tr : 1.816241 
total_volumes : 275 
MNI_template : /data00/leonardo/warez/fsl/data/standard/MNI152_T1_2mm_brain 
total_voxels : 495616000 
feat_dir : /data00/leonardo/RSA/prep_data/sub-07/fmri/valence/sub-07_run-7_preproc_reg.feat 
anat_brain_image : /data00/leonardo/RSA/prep_data/sub-07/anat/sub-07_T1w_brain 
ev_1 : /data00/leonardo/RSA/prep_data/sub-07/fmri/valence/sub-07_run-7.mat 
name_ev_1 : valence 
name_con_real_1 : valence_con 
name_con_orig_1 : valence_con 


Processing sub-07_run-8
tr : 1.816679 
total_volumes : 274 
MNI_template : /data00/leonardo/warez/fsl/data/standard/MNI152_T1_2mm_brain 
total_voxels : 493813760 
feat_dir : /data00/leonardo/RSA/prep_data/sub-02/fmri/valence/sub-02_run-7_preproc_reg.feat 
anat_brain_image : /data00/leonardo/RSA/prep_data/sub-02/anat/sub-02_T1w_brain 
ev_1 : /data00/leonardo/RSA/prep_data/sub-02/fmri/valence/sub-02_run-7.mat 
name_ev_1 : valence 
name_con_real_1 : valence_con 
name_con_orig_1 : valence_con 


Processing sub-02_run-8
fsf_sub_run : /data00/leonardo/RSA/prep_data/sub-05/fmri/valence/design_sub-05_run-8.fsf
sub_mat : /data00/leonardo/RSA/prep_data/sub-05/fmri/valence/sub-05_run-8.mat
sub_feat : /data00/leonardo/RSA/prep_data/sub-05/fmri/valence/sub-05_run-8_preproc_reg.feat

fsf_sub_run : /data00/leonardo/RSA/prep_data/sub-03/fmri/valence/design_sub-03_run-8.fsf
sub_mat : /data00/leonardo/RSA/prep_data/sub-03/fmri/valence/sub-03_run-8.mat
sub_feat : /data00/leonardo/RSA/prep_data/sub-03/fmri/valence/sub-03_run-8_preproc_reg.feat

fsf_sub_run : /data00/leonardo/RSA/prep_data/sub-02/fmri/valence/design_sub-02_run-8.fsf
sub_mat : /data00/leonardo/RSA/prep_data/sub-02/fmri/valence/sub-02_run-8.mat
sub_feat : /data00/leonardo/RSA/prep_data/sub-02/fmri/valence/sub-02_run-8_preproc_reg.feat

fsf_sub_run : /data00/leonardo/RSA/prep_data/sub-07/fmri/valence/design_sub-07_run-8.fsf
tr : 1.815952 
tr : 1.816460 
sub_mat : /data00/leonardo/RSA/prep_data/sub-07/fmri/valence/sub-07_run-8.mat
total_volumes : 275 
sub_feat : /data00/leonardo/RSA/prep_data/sub-07/fmri/valence/sub-07_run-8_preproc_reg.feat
total_volumes : 295 

MNI_template : /data00/leonardo/warez/fsl/data/standard/MNI152_T1_2mm_brain 
total_voxels : 495616000 
MNI_template : /data00/leonardo/warez/fsl/data/standard/MNI152_T1_2mm_brain 
feat_dir : /data00/leonardo/RSA/prep_data/sub-03/fmri/valence/sub-03_run-8_preproc_reg.feat 
anat_brain_image : /data00/leonardo/RSA/prep_data/sub-03/anat/sub-03_T1w_brain 
total_voxels : 531660800 
ev_1 : /data00/leonardo/RSA/prep_data/sub-03/fmri/valence/sub-03_run-8.mat 
name_ev_1 : valence 
name_con_real_1 : valence_con 
feat_dir : /data00/leonardo/RSA/prep_data/sub-05/fmri/valence/sub-05_run-8_preproc_reg.feat 
name_con_orig_1 : valence_con 
anat_brain_image : /data00/leonardo/RSA/prep_data/sub-05/anat/sub-05_T1w_brain 
ev_1 : /data00/leonardo/RSA/prep_data/sub-05/fmri/valence/sub-05_run-8.mat 
name_ev_1 : valence 
name_con_real_1 : valence_con 
name_con_orig_1 : valence_con 




tr : 1.816679 
total_volumes : 275 
MNI_template : /data00/leonardo/warez/fsl/data/standard/MNI152_T1_2mm_brain 
total_voxels : 495616000 
feat_dir : /data00/leonardo/RSA/prep_data/sub-02/fmri/valence/sub-02_run-8_preproc_reg.feat 
anat_brain_image : /data00/leonardo/RSA/prep_data/sub-02/anat/sub-02_T1w_brain 
ev_1 : /data00/leonardo/RSA/prep_data/sub-02/fmri/valence/sub-02_run-8.mat 
name_ev_1 : valence 
name_con_real_1 : valence_con 
name_con_orig_1 : valence_con 


tr : 1.816241 
total_volumes : 275 
MNI_template : /data00/leonardo/warez/fsl/data/standard/MNI152_T1_2mm_brain 
total_voxels : 495616000 
feat_dir : /data00/leonardo/RSA/prep_data/sub-07/fmri/valence/sub-07_run-8_preproc_reg.feat 
anat_brain_image : /data00/leonardo/RSA/prep_data/sub-07/anat/sub-07_T1w_brain 
ev_1 : /data00/leonardo/RSA/prep_data/sub-07/fmri/valence/sub-07_run-8.mat 
name_ev_1 : valence 
name_con_real_1 : valence_con 
name_con_orig_1 : valence_con 


Processing sub-09_run-1
fsf_sub_run : /data00/leonardo/RSA/prep_data/sub-09/fmri/valence/design_sub-09_run-1.fsf
sub_mat : /data00/leonardo/RSA/prep_data/sub-09/fmri/valence/sub-09_run-1.mat
sub_feat : /data00/leonardo/RSA/prep_data/sub-09/fmri/valence/sub-09_run-1_preproc_reg.feat

tr : 1.816460 
total_volumes : 275 
MNI_template : /data00/leonardo/warez/fsl/data/standard/MNI152_T1_2mm_brain 
total_voxels : 495616000 
feat_dir : /data00/leonardo/RSA/prep_data/sub-09/fmri/valence/sub-09_run-1_preproc_reg.feat 
anat_brain_image : /data00/leonardo/RSA/prep_data/sub-09/anat/sub-09_T1w_brain 
ev_1 : /data00/leonardo/RSA/prep_data/sub-09/fmri/valence/sub-09_run-1.mat 
name_ev_1 : valence 
name_con_real_1 : valence_con 
name_con_orig_1 : valence_con 


Processing sub-09_run-2
fsf_sub_run : /data00/leonardo/RSA/prep_data/sub-09/fmri/valence/design_sub-09_run-2.fsf
sub_mat : /data00/leonardo/RSA/prep_data/sub-09/fmri/valence/sub-09_run-2.mat
sub_feat : /data00/leonardo/RSA/prep_data/sub-09/fmri/valence/sub-09_run-2_preproc_reg.feat

tr : 1.816460 
total_volumes : 275 
MNI_template : /data00/leonardo/warez/fsl/data/standard/MNI152_T1_2mm_brain 
total_voxels : 495616000 
feat_dir : /data00/leonardo/RSA/prep_data/sub-09/fmri/valence/sub-09_run-2_preproc_reg.feat 
anat_brain_image : /data00/leonardo/RSA/prep_data/sub-09/anat/sub-09_T1w_brain 
ev_1 : /data00/leonardo/RSA/prep_data/sub-09/fmri/valence/sub-09_run-2.mat 
name_ev_1 : valence 
name_con_real_1 : valence_con 
name_con_orig_1 : valence_con 


Processing sub-09_run-3
fsf_sub_run : /data00/leonardo/RSA/prep_data/sub-09/fmri/valence/design_sub-09_run-3.fsf
sub_mat : /data00/leonardo/RSA/prep_data/sub-09/fmri/valence/sub-09_run-3.mat
sub_feat : /data00/leonardo/RSA/prep_data/sub-09/fmri/valence/sub-09_run-3_preproc_reg.feat

tr : 1.816460 
total_volumes : 275 
MNI_template : /data00/leonardo/warez/fsl/data/standard/MNI152_T1_2mm_brain 
total_voxels : 495616000 
feat_dir : /data00/leonardo/RSA/prep_data/sub-09/fmri/valence/sub-09_run-3_preproc_reg.feat 
anat_brain_image : /data00/leonardo/RSA/prep_data/sub-09/anat/sub-09_T1w_brain 
ev_1 : /data00/leonardo/RSA/prep_data/sub-09/fmri/valence/sub-09_run-3.mat 
name_ev_1 : valence 
name_con_real_1 : valence_con 
name_con_orig_1 : valence_con 


Processing sub-09_run-4
fsf_sub_run : /data00/leonardo/RSA/prep_data/sub-09/fmri/valence/design_sub-09_run-4.fsf
sub_mat : /data00/leonardo/RSA/prep_data/sub-09/fmri/valence/sub-09_run-4.mat
sub_feat : /data00/leonardo/RSA/prep_data/sub-09/fmri/valence/sub-09_run-4_preproc_reg.feat

tr : 1.816460 
total_volumes : 275 
MNI_template : /data00/leonardo/warez/fsl/data/standard/MNI152_T1_2mm_brain 
total_voxels : 495616000 
feat_dir : /data00/leonardo/RSA/prep_data/sub-09/fmri/valence/sub-09_run-4_preproc_reg.feat 
anat_brain_image : /data00/leonardo/RSA/prep_data/sub-09/anat/sub-09_T1w_brain 
ev_1 : /data00/leonardo/RSA/prep_data/sub-09/fmri/valence/sub-09_run-4.mat 
name_ev_1 : valence 
name_con_real_1 : valence_con 
name_con_orig_1 : valence_con 


Processing sub-09_run-5
fsf_sub_run : /data00/leonardo/RSA/prep_data/sub-09/fmri/valence/design_sub-09_run-5.fsf
sub_mat : /data00/leonardo/RSA/prep_data/sub-09/fmri/valence/sub-09_run-5.mat
sub_feat : /data00/leonardo/RSA/prep_data/sub-09/fmri/valence/sub-09_run-5_preproc_reg.feat

tr : 1.816460 
total_volumes : 275 
MNI_template : /data00/leonardo/warez/fsl/data/standard/MNI152_T1_2mm_brain 
total_voxels : 495616000 
feat_dir : /data00/leonardo/RSA/prep_data/sub-09/fmri/valence/sub-09_run-5_preproc_reg.feat 
anat_brain_image : /data00/leonardo/RSA/prep_data/sub-09/anat/sub-09_T1w_brain 
ev_1 : /data00/leonardo/RSA/prep_data/sub-09/fmri/valence/sub-09_run-5.mat 
name_ev_1 : valence 
name_con_real_1 : valence_con 
name_con_orig_1 : valence_con 


Processing sub-09_run-6
fsf_sub_run : /data00/leonardo/RSA/prep_data/sub-09/fmri/valence/design_sub-09_run-6.fsf
sub_mat : /data00/leonardo/RSA/prep_data/sub-09/fmri/valence/sub-09_run-6.mat
sub_feat : /data00/leonardo/RSA/prep_data/sub-09/fmri/valence/sub-09_run-6_preproc_reg.feat

tr : 1.816460 
total_volumes : 275 
MNI_template : /data00/leonardo/warez/fsl/data/standard/MNI152_T1_2mm_brain 
total_voxels : 495616000 
feat_dir : /data00/leonardo/RSA/prep_data/sub-09/fmri/valence/sub-09_run-6_preproc_reg.feat 
anat_brain_image : /data00/leonardo/RSA/prep_data/sub-09/anat/sub-09_T1w_brain 
ev_1 : /data00/leonardo/RSA/prep_data/sub-09/fmri/valence/sub-09_run-6.mat 
name_ev_1 : valence 
name_con_real_1 : valence_con 
name_con_orig_1 : valence_con 


Processing sub-09_run-7
fsf_sub_run : /data00/leonardo/RSA/prep_data/sub-09/fmri/valence/design_sub-09_run-7.fsf
sub_mat : /data00/leonardo/RSA/prep_data/sub-09/fmri/valence/sub-09_run-7.mat
sub_feat : /data00/leonardo/RSA/prep_data/sub-09/fmri/valence/sub-09_run-7_preproc_reg.feat

tr : 1.816460 
total_volumes : 275 
MNI_template : /data00/leonardo/warez/fsl/data/standard/MNI152_T1_2mm_brain 
total_voxels : 495616000 
feat_dir : /data00/leonardo/RSA/prep_data/sub-09/fmri/valence/sub-09_run-7_preproc_reg.feat 
anat_brain_image : /data00/leonardo/RSA/prep_data/sub-09/anat/sub-09_T1w_brain 
ev_1 : /data00/leonardo/RSA/prep_data/sub-09/fmri/valence/sub-09_run-7.mat 
name_ev_1 : valence 
name_con_real_1 : valence_con 
name_con_orig_1 : valence_con 


Processing sub-09_run-8
fsf_sub_run : /data00/leonardo/RSA/prep_data/sub-09/fmri/valence/design_sub-09_run-8.fsf
sub_mat : /data00/leonardo/RSA/prep_data/sub-09/fmri/valence/sub-09_run-8.mat
sub_feat : /data00/leonardo/RSA/prep_data/sub-09/fmri/valence/sub-09_run-8_preproc_reg.feat

tr : 1.816460 
total_volumes : 275 
MNI_template : /data00/leonardo/warez/fsl/data/standard/MNI152_T1_2mm_brain 
total_voxels : 495616000 
feat_dir : /data00/leonardo/RSA/prep_data/sub-09/fmri/valence/sub-09_run-8_preproc_reg.feat 
anat_brain_image : /data00/leonardo/RSA/prep_data/sub-09/anat/sub-09_T1w_brain 
ev_1 : /data00/leonardo/RSA/prep_data/sub-09/fmri/valence/sub-09_run-8.mat 
name_ev_1 : valence 
name_con_real_1 : valence_con 
name_con_orig_1 : valence_con 


Processing sub-10_run-1
fsf_sub_run : /data00/leonardo/RSA/prep_data/sub-10/fmri/valence/design_sub-10_run-1.fsf
sub_mat : /data00/leonardo/RSA/prep_data/sub-10/fmri/valence/sub-10_run-1.mat
sub_feat : /data00/leonardo/RSA/prep_data/sub-10/fmri/valence/sub-10_run-1_preproc_reg.feat

tr : 1.816314 
total_volumes : 275 
MNI_template : /data00/leonardo/warez/fsl/data/standard/MNI152_T1_2mm_brain 
total_voxels : 495616000 
feat_dir : /data00/leonardo/RSA/prep_data/sub-10/fmri/valence/sub-10_run-1_preproc_reg.feat 
anat_brain_image : /data00/leonardo/RSA/prep_data/sub-10/anat/sub-10_T1w_brain 
ev_1 : /data00/leonardo/RSA/prep_data/sub-10/fmri/valence/sub-10_run-1.mat 
name_ev_1 : valence 
name_con_real_1 : valence_con 
name_con_orig_1 : valence_con 


Processing sub-10_run-2
fsf_sub_run : /data00/leonardo/RSA/prep_data/sub-10/fmri/valence/design_sub-10_run-2.fsf
sub_mat : /data00/leonardo/RSA/prep_data/sub-10/fmri/valence/sub-10_run-2.mat
sub_feat : /data00/leonardo/RSA/prep_data/sub-10/fmri/valence/sub-10_run-2_preproc_reg.feat

tr : 1.816314 
total_volumes : 275 
MNI_template : /data00/leonardo/warez/fsl/data/standard/MNI152_T1_2mm_brain 
total_voxels : 495616000 
feat_dir : /data00/leonardo/RSA/prep_data/sub-10/fmri/valence/sub-10_run-2_preproc_reg.feat 
anat_brain_image : /data00/leonardo/RSA/prep_data/sub-10/anat/sub-10_T1w_brain 
ev_1 : /data00/leonardo/RSA/prep_data/sub-10/fmri/valence/sub-10_run-2.mat 
name_ev_1 : valence 
name_con_real_1 : valence_con 
name_con_orig_1 : valence_con 


Processing sub-10_run-3
fsf_sub_run : /data00/leonardo/RSA/prep_data/sub-10/fmri/valence/design_sub-10_run-3.fsf
sub_mat : /data00/leonardo/RSA/prep_data/sub-10/fmri/valence/sub-10_run-3.mat
sub_feat : /data00/leonardo/RSA/prep_data/sub-10/fmri/valence/sub-10_run-3_preproc_reg.feat

tr : 1.816314 
total_volumes : 275 
MNI_template : /data00/leonardo/warez/fsl/data/standard/MNI152_T1_2mm_brain 
total_voxels : 495616000 
feat_dir : /data00/leonardo/RSA/prep_data/sub-10/fmri/valence/sub-10_run-3_preproc_reg.feat 
anat_brain_image : /data00/leonardo/RSA/prep_data/sub-10/anat/sub-10_T1w_brain 
ev_1 : /data00/leonardo/RSA/prep_data/sub-10/fmri/valence/sub-10_run-3.mat 
name_ev_1 : valence 
name_con_real_1 : valence_con 
name_con_orig_1 : valence_con 


Processing sub-10_run-4
fsf_sub_run : /data00/leonardo/RSA/prep_data/sub-10/fmri/valence/design_sub-10_run-4.fsf
sub_mat : /data00/leonardo/RSA/prep_data/sub-10/fmri/valence/sub-10_run-4.mat
sub_feat : /data00/leonardo/RSA/prep_data/sub-10/fmri/valence/sub-10_run-4_preproc_reg.feat

tr : 1.816314 
total_volumes : 275 
MNI_template : /data00/leonardo/warez/fsl/data/standard/MNI152_T1_2mm_brain 
total_voxels : 495616000 
feat_dir : /data00/leonardo/RSA/prep_data/sub-10/fmri/valence/sub-10_run-4_preproc_reg.feat 
anat_brain_image : /data00/leonardo/RSA/prep_data/sub-10/anat/sub-10_T1w_brain 
ev_1 : /data00/leonardo/RSA/prep_data/sub-10/fmri/valence/sub-10_run-4.mat 
name_ev_1 : valence 
name_con_real_1 : valence_con 
name_con_orig_1 : valence_con 


Processing sub-10_run-5
fsf_sub_run : /data00/leonardo/RSA/prep_data/sub-10/fmri/valence/design_sub-10_run-5.fsf
sub_mat : /data00/leonardo/RSA/prep_data/sub-10/fmri/valence/sub-10_run-5.mat
sub_feat : /data00/leonardo/RSA/prep_data/sub-10/fmri/valence/sub-10_run-5_preproc_reg.feat

tr : 1.816314 
total_volumes : 275 
MNI_template : /data00/leonardo/warez/fsl/data/standard/MNI152_T1_2mm_brain 
total_voxels : 495616000 
feat_dir : /data00/leonardo/RSA/prep_data/sub-10/fmri/valence/sub-10_run-5_preproc_reg.feat 
anat_brain_image : /data00/leonardo/RSA/prep_data/sub-10/anat/sub-10_T1w_brain 
ev_1 : /data00/leonardo/RSA/prep_data/sub-10/fmri/valence/sub-10_run-5.mat 
name_ev_1 : valence 
name_con_real_1 : valence_con 
name_con_orig_1 : valence_con 


Processing sub-10_run-6
fsf_sub_run : /data00/leonardo/RSA/prep_data/sub-10/fmri/valence/design_sub-10_run-6.fsf
sub_mat : /data00/leonardo/RSA/prep_data/sub-10/fmri/valence/sub-10_run-6.mat
sub_feat : /data00/leonardo/RSA/prep_data/sub-10/fmri/valence/sub-10_run-6_preproc_reg.feat

tr : 1.816314 
total_volumes : 275 
MNI_template : /data00/leonardo/warez/fsl/data/standard/MNI152_T1_2mm_brain 
total_voxels : 495616000 
feat_dir : /data00/leonardo/RSA/prep_data/sub-10/fmri/valence/sub-10_run-6_preproc_reg.feat 
anat_brain_image : /data00/leonardo/RSA/prep_data/sub-10/anat/sub-10_T1w_brain 
ev_1 : /data00/leonardo/RSA/prep_data/sub-10/fmri/valence/sub-10_run-6.mat 
name_ev_1 : valence 
name_con_real_1 : valence_con 
name_con_orig_1 : valence_con 


Processing sub-10_run-7
fsf_sub_run : /data00/leonardo/RSA/prep_data/sub-10/fmri/valence/design_sub-10_run-7.fsf
sub_mat : /data00/leonardo/RSA/prep_data/sub-10/fmri/valence/sub-10_run-7.mat
sub_feat : /data00/leonardo/RSA/prep_data/sub-10/fmri/valence/sub-10_run-7_preproc_reg.feat

tr : 1.816314 
total_volumes : 275 
MNI_template : /data00/leonardo/warez/fsl/data/standard/MNI152_T1_2mm_brain 
total_voxels : 495616000 
feat_dir : /data00/leonardo/RSA/prep_data/sub-10/fmri/valence/sub-10_run-7_preproc_reg.feat 
anat_brain_image : /data00/leonardo/RSA/prep_data/sub-10/anat/sub-10_T1w_brain 
ev_1 : /data00/leonardo/RSA/prep_data/sub-10/fmri/valence/sub-10_run-7.mat 
name_ev_1 : valence 
name_con_real_1 : valence_con 
name_con_orig_1 : valence_con 


Processing sub-10_run-8
fsf_sub_run : /data00/leonardo/RSA/prep_data/sub-10/fmri/valence/design_sub-10_run-8.fsf
sub_mat : /data00/leonardo/RSA/prep_data/sub-10/fmri/valence/sub-10_run-8.mat
sub_feat : /data00/leonardo/RSA/prep_data/sub-10/fmri/valence/sub-10_run-8_preproc_reg.feat

tr : 1.816314 
total_volumes : 275 
MNI_template : /data00/leonardo/warez/fsl/data/standard/MNI152_T1_2mm_brain 
total_voxels : 495616000 
feat_dir : /data00/leonardo/RSA/prep_data/sub-10/fmri/valence/sub-10_run-8_preproc_reg.feat 
anat_brain_image : /data00/leonardo/RSA/prep_data/sub-10/anat/sub-10_T1w_brain 
ev_1 : /data00/leonardo/RSA/prep_data/sub-10/fmri/valence/sub-10_run-8.mat 
name_ev_1 : valence 
name_con_real_1 : valence_con 
name_con_orig_1 : valence_con 


Processing sub-11_run-1
fsf_sub_run : /data00/leonardo/RSA/prep_data/sub-11/fmri/valence/design_sub-11_run-1.fsf
sub_mat : /data00/leonardo/RSA/prep_data/sub-11/fmri/valence/sub-11_run-1.mat
sub_feat : /data00/leonardo/RSA/prep_data/sub-11/fmri/valence/sub-11_run-1_preproc_reg.feat

tr : 1.815912 
total_volumes : 275 
MNI_template : /data00/leonardo/warez/fsl/data/standard/MNI152_T1_2mm_brain 
total_voxels : 495616000 
feat_dir : /data00/leonardo/RSA/prep_data/sub-11/fmri/valence/sub-11_run-1_preproc_reg.feat 
anat_brain_image : /data00/leonardo/RSA/prep_data/sub-11/anat/sub-11_T1w_brain 
ev_1 : /data00/leonardo/RSA/prep_data/sub-11/fmri/valence/sub-11_run-1.mat 
name_ev_1 : valence 
name_con_real_1 : valence_con 
name_con_orig_1 : valence_con 


Processing sub-11_run-2
fsf_sub_run : /data00/leonardo/RSA/prep_data/sub-11/fmri/valence/design_sub-11_run-2.fsf
sub_mat : /data00/leonardo/RSA/prep_data/sub-11/fmri/valence/sub-11_run-2.mat
sub_feat : /data00/leonardo/RSA/prep_data/sub-11/fmri/valence/sub-11_run-2_preproc_reg.feat

tr : 1.815912 
total_volumes : 275 
MNI_template : /data00/leonardo/warez/fsl/data/standard/MNI152_T1_2mm_brain 
total_voxels : 495616000 
feat_dir : /data00/leonardo/RSA/prep_data/sub-11/fmri/valence/sub-11_run-2_preproc_reg.feat 
anat_brain_image : /data00/leonardo/RSA/prep_data/sub-11/anat/sub-11_T1w_brain 
ev_1 : /data00/leonardo/RSA/prep_data/sub-11/fmri/valence/sub-11_run-2.mat 
name_ev_1 : valence 
name_con_real_1 : valence_con 
name_con_orig_1 : valence_con 


Processing sub-11_run-3
fsf_sub_run : /data00/leonardo/RSA/prep_data/sub-11/fmri/valence/design_sub-11_run-3.fsf
sub_mat : /data00/leonardo/RSA/prep_data/sub-11/fmri/valence/sub-11_run-3.mat
sub_feat : /data00/leonardo/RSA/prep_data/sub-11/fmri/valence/sub-11_run-3_preproc_reg.feat

tr : 1.815912 
total_volumes : 275 
MNI_template : /data00/leonardo/warez/fsl/data/standard/MNI152_T1_2mm_brain 
total_voxels : 495616000 
feat_dir : /data00/leonardo/RSA/prep_data/sub-11/fmri/valence/sub-11_run-3_preproc_reg.feat 
anat_brain_image : /data00/leonardo/RSA/prep_data/sub-11/anat/sub-11_T1w_brain 
ev_1 : /data00/leonardo/RSA/prep_data/sub-11/fmri/valence/sub-11_run-3.mat 
name_ev_1 : valence 
name_con_real_1 : valence_con 
name_con_orig_1 : valence_con 


Processing sub-11_run-4
fsf_sub_run : /data00/leonardo/RSA/prep_data/sub-11/fmri/valence/design_sub-11_run-4.fsf
sub_mat : /data00/leonardo/RSA/prep_data/sub-11/fmri/valence/sub-11_run-4.mat
sub_feat : /data00/leonardo/RSA/prep_data/sub-11/fmri/valence/sub-11_run-4_preproc_reg.feat

tr : 1.815912 
total_volumes : 275 
MNI_template : /data00/leonardo/warez/fsl/data/standard/MNI152_T1_2mm_brain 
total_voxels : 495616000 
feat_dir : /data00/leonardo/RSA/prep_data/sub-11/fmri/valence/sub-11_run-4_preproc_reg.feat 
anat_brain_image : /data00/leonardo/RSA/prep_data/sub-11/anat/sub-11_T1w_brain 
ev_1 : /data00/leonardo/RSA/prep_data/sub-11/fmri/valence/sub-11_run-4.mat 
name_ev_1 : valence 
name_con_real_1 : valence_con 
name_con_orig_1 : valence_con 


Processing sub-11_run-5
fsf_sub_run : /data00/leonardo/RSA/prep_data/sub-11/fmri/valence/design_sub-11_run-5.fsf
sub_mat : /data00/leonardo/RSA/prep_data/sub-11/fmri/valence/sub-11_run-5.mat
sub_feat : /data00/leonardo/RSA/prep_data/sub-11/fmri/valence/sub-11_run-5_preproc_reg.feat

tr : 1.815912 
total_volumes : 275 
MNI_template : /data00/leonardo/warez/fsl/data/standard/MNI152_T1_2mm_brain 
total_voxels : 495616000 
feat_dir : /data00/leonardo/RSA/prep_data/sub-11/fmri/valence/sub-11_run-5_preproc_reg.feat 
anat_brain_image : /data00/leonardo/RSA/prep_data/sub-11/anat/sub-11_T1w_brain 
ev_1 : /data00/leonardo/RSA/prep_data/sub-11/fmri/valence/sub-11_run-5.mat 
name_ev_1 : valence 
name_con_real_1 : valence_con 
name_con_orig_1 : valence_con 


Processing sub-11_run-6
fsf_sub_run : /data00/leonardo/RSA/prep_data/sub-11/fmri/valence/design_sub-11_run-6.fsf
sub_mat : /data00/leonardo/RSA/prep_data/sub-11/fmri/valence/sub-11_run-6.mat
sub_feat : /data00/leonardo/RSA/prep_data/sub-11/fmri/valence/sub-11_run-6_preproc_reg.feat

tr : 1.815912 
total_volumes : 275 
MNI_template : /data00/leonardo/warez/fsl/data/standard/MNI152_T1_2mm_brain 
total_voxels : 495616000 
feat_dir : /data00/leonardo/RSA/prep_data/sub-11/fmri/valence/sub-11_run-6_preproc_reg.feat 
anat_brain_image : /data00/leonardo/RSA/prep_data/sub-11/anat/sub-11_T1w_brain 
ev_1 : /data00/leonardo/RSA/prep_data/sub-11/fmri/valence/sub-11_run-6.mat 
name_ev_1 : valence 
name_con_real_1 : valence_con 
name_con_orig_1 : valence_con 


Processing sub-11_run-7
fsf_sub_run : /data00/leonardo/RSA/prep_data/sub-11/fmri/valence/design_sub-11_run-7.fsf
sub_mat : /data00/leonardo/RSA/prep_data/sub-11/fmri/valence/sub-11_run-7.mat
sub_feat : /data00/leonardo/RSA/prep_data/sub-11/fmri/valence/sub-11_run-7_preproc_reg.feat

tr : 1.815912 
total_volumes : 275 
MNI_template : /data00/leonardo/warez/fsl/data/standard/MNI152_T1_2mm_brain 
total_voxels : 495616000 
feat_dir : /data00/leonardo/RSA/prep_data/sub-11/fmri/valence/sub-11_run-7_preproc_reg.feat 
anat_brain_image : /data00/leonardo/RSA/prep_data/sub-11/anat/sub-11_T1w_brain 
ev_1 : /data00/leonardo/RSA/prep_data/sub-11/fmri/valence/sub-11_run-7.mat 
name_ev_1 : valence 
name_con_real_1 : valence_con 
name_con_orig_1 : valence_con 


Processing sub-11_run-8
fsf_sub_run : /data00/leonardo/RSA/prep_data/sub-11/fmri/valence/design_sub-11_run-8.fsf
sub_mat : /data00/leonardo/RSA/prep_data/sub-11/fmri/valence/sub-11_run-8.mat
sub_feat : /data00/leonardo/RSA/prep_data/sub-11/fmri/valence/sub-11_run-8_preproc_reg.feat

tr : 1.815912 
total_volumes : 275 
MNI_template : /data00/leonardo/warez/fsl/data/standard/MNI152_T1_2mm_brain 
total_voxels : 495616000 
feat_dir : /data00/leonardo/RSA/prep_data/sub-11/fmri/valence/sub-11_run-8_preproc_reg.feat 
anat_brain_image : /data00/leonardo/RSA/prep_data/sub-11/anat/sub-11_T1w_brain 
ev_1 : /data00/leonardo/RSA/prep_data/sub-11/fmri/valence/sub-11_run-8.mat 
name_ev_1 : valence 
name_con_real_1 : valence_con 
name_con_orig_1 : valence_con 


Processing sub-12_run-1
fsf_sub_run : /data00/leonardo/RSA/prep_data/sub-12/fmri/valence/design_sub-12_run-1.fsf
sub_mat : /data00/leonardo/RSA/prep_data/sub-12/fmri/valence/sub-12_run-1.mat
sub_feat : /data00/leonardo/RSA/prep_data/sub-12/fmri/valence/sub-12_run-1_preproc_reg.feat

tr : 1.815803 
total_volumes : 275 
MNI_template : /data00/leonardo/warez/fsl/data/standard/MNI152_T1_2mm_brain 
total_voxels : 495616000 
feat_dir : /data00/leonardo/RSA/prep_data/sub-12/fmri/valence/sub-12_run-1_preproc_reg.feat 
anat_brain_image : /data00/leonardo/RSA/prep_data/sub-12/anat/sub-12_T1w_brain 
ev_1 : /data00/leonardo/RSA/prep_data/sub-12/fmri/valence/sub-12_run-1.mat 
name_ev_1 : valence 
name_con_real_1 : valence_con 
name_con_orig_1 : valence_con 


Processing sub-12_run-2
fsf_sub_run : /data00/leonardo/RSA/prep_data/sub-12/fmri/valence/design_sub-12_run-2.fsf
sub_mat : /data00/leonardo/RSA/prep_data/sub-12/fmri/valence/sub-12_run-2.mat
sub_feat : /data00/leonardo/RSA/prep_data/sub-12/fmri/valence/sub-12_run-2_preproc_reg.feat

tr : 1.815803 
total_volumes : 275 
MNI_template : /data00/leonardo/warez/fsl/data/standard/MNI152_T1_2mm_brain 
total_voxels : 495616000 
feat_dir : /data00/leonardo/RSA/prep_data/sub-12/fmri/valence/sub-12_run-2_preproc_reg.feat 
anat_brain_image : /data00/leonardo/RSA/prep_data/sub-12/anat/sub-12_T1w_brain 
ev_1 : /data00/leonardo/RSA/prep_data/sub-12/fmri/valence/sub-12_run-2.mat 
name_ev_1 : valence 
name_con_real_1 : valence_con 
name_con_orig_1 : valence_con 


Processing sub-12_run-3
fsf_sub_run : /data00/leonardo/RSA/prep_data/sub-12/fmri/valence/design_sub-12_run-3.fsf
sub_mat : /data00/leonardo/RSA/prep_data/sub-12/fmri/valence/sub-12_run-3.mat
sub_feat : /data00/leonardo/RSA/prep_data/sub-12/fmri/valence/sub-12_run-3_preproc_reg.feat

tr : 1.815803 
total_volumes : 275 
MNI_template : /data00/leonardo/warez/fsl/data/standard/MNI152_T1_2mm_brain 
total_voxels : 495616000 
feat_dir : /data00/leonardo/RSA/prep_data/sub-12/fmri/valence/sub-12_run-3_preproc_reg.feat 
anat_brain_image : /data00/leonardo/RSA/prep_data/sub-12/anat/sub-12_T1w_brain 
ev_1 : /data00/leonardo/RSA/prep_data/sub-12/fmri/valence/sub-12_run-3.mat 
name_ev_1 : valence 
name_con_real_1 : valence_con 
name_con_orig_1 : valence_con 


Processing sub-12_run-4
fsf_sub_run : /data00/leonardo/RSA/prep_data/sub-12/fmri/valence/design_sub-12_run-4.fsf
sub_mat : /data00/leonardo/RSA/prep_data/sub-12/fmri/valence/sub-12_run-4.mat
sub_feat : /data00/leonardo/RSA/prep_data/sub-12/fmri/valence/sub-12_run-4_preproc_reg.feat

tr : 1.815803 
total_volumes : 275 
MNI_template : /data00/leonardo/warez/fsl/data/standard/MNI152_T1_2mm_brain 
total_voxels : 495616000 
feat_dir : /data00/leonardo/RSA/prep_data/sub-12/fmri/valence/sub-12_run-4_preproc_reg.feat 
anat_brain_image : /data00/leonardo/RSA/prep_data/sub-12/anat/sub-12_T1w_brain 
ev_1 : /data00/leonardo/RSA/prep_data/sub-12/fmri/valence/sub-12_run-4.mat 
name_ev_1 : valence 
name_con_real_1 : valence_con 
name_con_orig_1 : valence_con 


Processing sub-12_run-5
fsf_sub_run : /data00/leonardo/RSA/prep_data/sub-12/fmri/valence/design_sub-12_run-5.fsf
sub_mat : /data00/leonardo/RSA/prep_data/sub-12/fmri/valence/sub-12_run-5.mat
sub_feat : /data00/leonardo/RSA/prep_data/sub-12/fmri/valence/sub-12_run-5_preproc_reg.feat

tr : 1.815803 
total_volumes : 275 
MNI_template : /data00/leonardo/warez/fsl/data/standard/MNI152_T1_2mm_brain 
total_voxels : 495616000 
feat_dir : /data00/leonardo/RSA/prep_data/sub-12/fmri/valence/sub-12_run-5_preproc_reg.feat 
anat_brain_image : /data00/leonardo/RSA/prep_data/sub-12/anat/sub-12_T1w_brain 
ev_1 : /data00/leonardo/RSA/prep_data/sub-12/fmri/valence/sub-12_run-5.mat 
name_ev_1 : valence 
name_con_real_1 : valence_con 
name_con_orig_1 : valence_con 


Processing sub-12_run-6
fsf_sub_run : /data00/leonardo/RSA/prep_data/sub-12/fmri/valence/design_sub-12_run-6.fsf
sub_mat : /data00/leonardo/RSA/prep_data/sub-12/fmri/valence/sub-12_run-6.mat
sub_feat : /data00/leonardo/RSA/prep_data/sub-12/fmri/valence/sub-12_run-6_preproc_reg.feat

tr : 1.815803 
total_volumes : 275 
MNI_template : /data00/leonardo/warez/fsl/data/standard/MNI152_T1_2mm_brain 
total_voxels : 495616000 
feat_dir : /data00/leonardo/RSA/prep_data/sub-12/fmri/valence/sub-12_run-6_preproc_reg.feat 
anat_brain_image : /data00/leonardo/RSA/prep_data/sub-12/anat/sub-12_T1w_brain 
ev_1 : /data00/leonardo/RSA/prep_data/sub-12/fmri/valence/sub-12_run-6.mat 
name_ev_1 : valence 
name_con_real_1 : valence_con 
name_con_orig_1 : valence_con 


Processing sub-12_run-7
fsf_sub_run : /data00/leonardo/RSA/prep_data/sub-12/fmri/valence/design_sub-12_run-7.fsf
sub_mat : /data00/leonardo/RSA/prep_data/sub-12/fmri/valence/sub-12_run-7.mat
sub_feat : /data00/leonardo/RSA/prep_data/sub-12/fmri/valence/sub-12_run-7_preproc_reg.feat

tr : 1.815803 
total_volumes : 275 
MNI_template : /data00/leonardo/warez/fsl/data/standard/MNI152_T1_2mm_brain 
total_voxels : 495616000 
feat_dir : /data00/leonardo/RSA/prep_data/sub-12/fmri/valence/sub-12_run-7_preproc_reg.feat 
anat_brain_image : /data00/leonardo/RSA/prep_data/sub-12/anat/sub-12_T1w_brain 
ev_1 : /data00/leonardo/RSA/prep_data/sub-12/fmri/valence/sub-12_run-7.mat 
name_ev_1 : valence 
name_con_real_1 : valence_con 
name_con_orig_1 : valence_con 


Processing sub-12_run-8
fsf_sub_run : /data00/leonardo/RSA/prep_data/sub-12/fmri/valence/design_sub-12_run-8.fsf
sub_mat : /data00/leonardo/RSA/prep_data/sub-12/fmri/valence/sub-12_run-8.mat
sub_feat : /data00/leonardo/RSA/prep_data/sub-12/fmri/valence/sub-12_run-8_preproc_reg.feat

tr : 1.815816 
total_volumes : 295 
MNI_template : /data00/leonardo/warez/fsl/data/standard/MNI152_T1_2mm_brain 
total_voxels : 531660800 
feat_dir : /data00/leonardo/RSA/prep_data/sub-12/fmri/valence/sub-12_run-8_preproc_reg.feat 
anat_brain_image : /data00/leonardo/RSA/prep_data/sub-12/anat/sub-12_T1w_brain 
ev_1 : /data00/leonardo/RSA/prep_data/sub-12/fmri/valence/sub-12_run-8.mat 
name_ev_1 : valence 
name_con_real_1 : valence_con 
name_con_orig_1 : valence_con 


